[2021-03-11 09:29:06.062] [renderer1] [error] write EPIPE: Error: Error making request to nvim_command
	at o.request (/home/dinskid/.vscode/extensions/vscodevim.vim-1.18.9/out/extension.js:2:223000)
	at o.command (/home/dinskid/.vscode/extensions/vscodevim.vim-1.18.9/out/extension.js:2:230201)
	at o.quit (/home/dinskid/.vscode/extensions/vscodevim.vim-1.18.9/out/extension.js:2:232601)
	at p.dispose (/home/dinskid/.vscode/extensions/vscodevim.vim-1.18.9/out/extension.js:2:728073)
	at p.dispose (/home/dinskid/.vscode/extensions/vscodevim.vim-1.18.9/out/extension.js:2:751971)
	at /home/dinskid/.vscode/extensions/vscodevim.vim-1.18.9/out/extension.js:2:723146
	at Array.map (<anonymous>)
	at F.dispose (/home/dinskid/.vscode/extensions/vscodevim.vim-1.18.9/out/extension.js:2:723136)
	at Object.delete (/home/dinskid/.vscode/extensions/vscodevim.vim-1.18.9/out/extension.js:2:724466)
	at /home/dinskid/.vscode/extensions/vscodevim.vim-1.18.9/out/extension.js:2:348622
	at /home/dinskid/.vscode/extensions/vscodevim.vim-1.18.9/out/extension.js:2:346254
	at p.fire (/usr/share/code/resources/app/out/vs/workbench/services/extensions/node/extensionHostProcess.js:57:1836)
	at /usr/share/code/resources/app/out/vs/workbench/services/extensions/node/extensionHostProcess.js:87:140111
	at p.fire (/usr/share/code/resources/app/out/vs/workbench/services/extensions/node/extensionHostProcess.js:57:1836)
	at g.acceptDocumentsAndEditorsDelta (/usr/share/code/resources/app/out/vs/workbench/services/extensions/node/extensionHostProcess.js:87:144910)
	at g.$acceptDocumentsAndEditorsDelta (/usr/share/code/resources/app/out/vs/workbench/services/extensions/node/extensionHostProcess.js:87:143272)
	at u._doInvokeHandler (/usr/share/code/resources/app/out/vs/workbench/services/extensions/node/extensionHostProcess.js:90:10509)
	at u._invokeHandler (/usr/share/code/resources/app/out/vs/workbench/services/extensions/node/extensionHostProcess.js:90:10201)
	at u._receiveRequest (/usr/share/code/resources/app/out/vs/workbench/services/extensions/node/extensionHostProcess.js:90:8871)
	at u._receiveOneMessage (/usr/share/code/resources/app/out/vs/workbench/services/extensions/node/extensionHostProcess.js:90:7673)
	at /usr/share/code/resources/app/out/vs/workbench/services/extensions/node/extensionHostProcess.js:90:5782
	at p.fire (/usr/share/code/resources/app/out/vs/workbench/services/extensions/node/extensionHostProcess.js:57:1836)
	at g.fire (/usr/share/code/resources/app/out/vs/workbench/services/extensions/node/extensionHostProcess.js:65:15443)
	at /usr/share/code/resources/app/out/vs/workbench/services/extensions/node/extensionHostProcess.js:106:29119
	at p.fire (/usr/share/code/resources/app/out/vs/workbench/services/extensions/node/extensionHostProcess.js:57:1836)
	at g.fire (/usr/share/code/resources/app/out/vs/workbench/services/extensions/node/extensionHostProcess.js:65:15443)
	at t._receiveMessage (/usr/share/code/resources/app/out/vs/workbench/services/extensions/node/extensionHostProcess.js:65:20693)
	at /usr/share/code/resources/app/out/vs/workbench/services/extensions/node/extensionHostProcess.js:65:17587
	at p.fire (/usr/share/code/resources/app/out/vs/workbench/services/extensions/node/extensionHostProcess.js:57:1836)
	at l.acceptChunk (/usr/share/code/resources/app/out/vs/workbench/services/extensions/node/extensionHostProcess.js:65:12808)
	at /usr/share/code/resources/app/out/vs/workbench/services/extensions/node/extensionHostProcess.js:65:12156
	at Socket.E (/usr/share/code/resources/app/out/vs/workbench/services/extensions/node/extensionHostProcess.js:106:12375)
	at Socket.emit (events.js:315:20)
	at addChunk (_stream_readable.js:295:12)
	at readableAddChunk (_stream_readable.js:271:9)
	at Socket.Readable.push (_stream_readable.js:212:10)
	at Pipe.onStreamRead (internal/stream_base_commons.js:186:23)
[2021-03-11 09:50:19.520] [renderer1] [error] write EPIPE: Error: Error making request to nvim_command
	at o.request (/home/dinskid/.vscode/extensions/vscodevim.vim-1.18.9/out/extension.js:2:223000)
	at o.command (/home/dinskid/.vscode/extensions/vscodevim.vim-1.18.9/out/extension.js:2:230201)
	at o.quit (/home/dinskid/.vscode/extensions/vscodevim.vim-1.18.9/out/extension.js:2:232601)
	at p.dispose (/home/dinskid/.vscode/extensions/vscodevim.vim-1.18.9/out/extension.js:2:728073)
	at p.dispose (/home/dinskid/.vscode/extensions/vscodevim.vim-1.18.9/out/extension.js:2:751971)
	at /home/dinskid/.vscode/extensions/vscodevim.vim-1.18.9/out/extension.js:2:723146
	at Array.map (<anonymous>)
	at F.dispose (/home/dinskid/.vscode/extensions/vscodevim.vim-1.18.9/out/extension.js:2:723136)
	at Object.delete (/home/dinskid/.vscode/extensions/vscodevim.vim-1.18.9/out/extension.js:2:724466)
	at /home/dinskid/.vscode/extensions/vscodevim.vim-1.18.9/out/extension.js:2:348622
	at /home/dinskid/.vscode/extensions/vscodevim.vim-1.18.9/out/extension.js:2:346254
	at p.fire (/usr/share/code/resources/app/out/vs/workbench/services/extensions/node/extensionHostProcess.js:57:1836)
	at /usr/share/code/resources/app/out/vs/workbench/services/extensions/node/extensionHostProcess.js:87:140111
	at p.fire (/usr/share/code/resources/app/out/vs/workbench/services/extensions/node/extensionHostProcess.js:57:1836)
	at g.acceptDocumentsAndEditorsDelta (/usr/share/code/resources/app/out/vs/workbench/services/extensions/node/extensionHostProcess.js:87:144910)
	at g.$acceptDocumentsAndEditorsDelta (/usr/share/code/resources/app/out/vs/workbench/services/extensions/node/extensionHostProcess.js:87:143272)
	at u._doInvokeHandler (/usr/share/code/resources/app/out/vs/workbench/services/extensions/node/extensionHostProcess.js:90:10509)
	at u._invokeHandler (/usr/share/code/resources/app/out/vs/workbench/services/extensions/node/extensionHostProcess.js:90:10201)
	at u._receiveRequest (/usr/share/code/resources/app/out/vs/workbench/services/extensions/node/extensionHostProcess.js:90:8871)
	at u._receiveOneMessage (/usr/share/code/resources/app/out/vs/workbench/services/extensions/node/extensionHostProcess.js:90:7673)
	at /usr/share/code/resources/app/out/vs/workbench/services/extensions/node/extensionHostProcess.js:90:5782
	at p.fire (/usr/share/code/resources/app/out/vs/workbench/services/extensions/node/extensionHostProcess.js:57:1836)
	at g.fire (/usr/share/code/resources/app/out/vs/workbench/services/extensions/node/extensionHostProcess.js:65:15443)
	at /usr/share/code/resources/app/out/vs/workbench/services/extensions/node/extensionHostProcess.js:106:29119
	at p.fire (/usr/share/code/resources/app/out/vs/workbench/services/extensions/node/extensionHostProcess.js:57:1836)
	at g.fire (/usr/share/code/resources/app/out/vs/workbench/services/extensions/node/extensionHostProcess.js:65:15443)
	at t._receiveMessage (/usr/share/code/resources/app/out/vs/workbench/services/extensions/node/extensionHostProcess.js:65:20693)
	at /usr/share/code/resources/app/out/vs/workbench/services/extensions/node/extensionHostProcess.js:65:17587
	at p.fire (/usr/share/code/resources/app/out/vs/workbench/services/extensions/node/extensionHostProcess.js:57:1836)
	at l.acceptChunk (/usr/share/code/resources/app/out/vs/workbench/services/extensions/node/extensionHostProcess.js:65:12808)
	at /usr/share/code/resources/app/out/vs/workbench/services/extensions/node/extensionHostProcess.js:65:12156
	at Socket.E (/usr/share/code/resources/app/out/vs/workbench/services/extensions/node/extensionHostProcess.js:106:12375)
	at Socket.emit (events.js:315:20)
	at addChunk (_stream_readable.js:295:12)
	at readableAddChunk (_stream_readable.js:271:9)
	at Socket.Readable.push (_stream_readable.js:212:10)
	at Pipe.onStreamRead (internal/stream_base_commons.js:186:23)
