[2021-03-11 09:28:14.755] [sharedprocess] [info] Installing extension: vscjava.vscode-java-pack
[2021-03-11 09:28:15.173] [sharedprocess] [info] Downloaded extension: vscjava.vscode-java-pack undefined
[2021-03-11 09:28:15.304] [sharedprocess] [info] Extracted extension to /home/dinskid/.vscode/extensions/.vscjava.vscode-java-pack-0.13.0: vscjava.vscode-java-pack
[2021-03-11 09:28:15.304] [sharedprocess] [info] Renamed to /home/dinskid/.vscode/extensions/vscjava.vscode-java-pack-0.13.0
[2021-03-11 09:28:15.305] [sharedprocess] [info] Installation completed. vscjava.vscode-java-pack
[2021-03-11 09:28:16.324] [sharedprocess] [info] Installing extension: visualstudioexptteam.vscodeintellicode
[2021-03-11 09:28:16.325] [sharedprocess] [info] Installing extension: redhat.java
[2021-03-11 09:28:16.326] [sharedprocess] [info] Installing extension: vscjava.vscode-java-debug
[2021-03-11 09:28:16.327] [sharedprocess] [info] Installing extension: vscjava.vscode-maven
[2021-03-11 09:28:16.327] [sharedprocess] [info] Installing extension: vscjava.vscode-java-test
[2021-03-11 09:28:16.328] [sharedprocess] [info] Installing extension: vscjava.vscode-java-dependency
[2021-03-11 09:28:16.867] [sharedprocess] [info] Downloaded extension: vscjava.vscode-java-debug undefined
[2021-03-11 09:28:16.935] [sharedprocess] [info] Extracted extension to /home/dinskid/.vscode/extensions/.vscjava.vscode-java-debug-0.31.0: vscjava.vscode-java-debug
[2021-03-11 09:28:16.935] [sharedprocess] [info] Renamed to /home/dinskid/.vscode/extensions/vscjava.vscode-java-debug-0.31.0
[2021-03-11 09:28:16.937] [sharedprocess] [info] Installation completed. vscjava.vscode-java-debug
[2021-03-11 09:28:16.940] [sharedprocess] [info] Extensions installed successfully: vscjava.vscode-java-debug
[2021-03-11 09:28:17.351] [sharedprocess] [info] Downloaded extension: vscjava.vscode-java-dependency undefined
[2021-03-11 09:28:17.377] [sharedprocess] [info] Extracted extension to /home/dinskid/.vscode/extensions/.vscjava.vscode-java-dependency-0.18.1: vscjava.vscode-java-dependency
[2021-03-11 09:28:17.377] [sharedprocess] [info] Renamed to /home/dinskid/.vscode/extensions/vscjava.vscode-java-dependency-0.18.1
[2021-03-11 09:28:17.378] [sharedprocess] [info] Installation completed. vscjava.vscode-java-dependency
[2021-03-11 09:28:17.381] [sharedprocess] [info] Extensions installed successfully: vscjava.vscode-java-dependency
[2021-03-11 09:28:17.519] [sharedprocess] [info] Downloaded extension: vscjava.vscode-java-test undefined
[2021-03-11 09:28:17.604] [sharedprocess] [info] Extracted extension to /home/dinskid/.vscode/extensions/.vscjava.vscode-java-test-0.28.1: vscjava.vscode-java-test
[2021-03-11 09:28:17.604] [sharedprocess] [info] Renamed to /home/dinskid/.vscode/extensions/vscjava.vscode-java-test-0.28.1
[2021-03-11 09:28:17.605] [sharedprocess] [info] Installation completed. vscjava.vscode-java-test
[2021-03-11 09:28:18.562] [sharedprocess] [info] Downloaded extension: vscjava.vscode-maven undefined
[2021-03-11 09:28:18.867] [sharedprocess] [info] Extracted extension to /home/dinskid/.vscode/extensions/.vscjava.vscode-maven-0.28.0: vscjava.vscode-maven
[2021-03-11 09:28:18.868] [sharedprocess] [info] Renamed to /home/dinskid/.vscode/extensions/vscjava.vscode-maven-0.28.0
[2021-03-11 09:28:18.870] [sharedprocess] [info] Installation completed. vscjava.vscode-maven
[2021-03-11 09:28:18.876] [sharedprocess] [info] Extensions installed successfully: vscjava.vscode-maven
[2021-03-11 09:28:18.992] [sharedprocess] [info] Downloaded extension: visualstudioexptteam.vscodeintellicode undefined
[2021-03-11 09:28:19.413] [sharedprocess] [info] Extracted extension to /home/dinskid/.vscode/extensions/.visualstudioexptteam.vscodeintellicode-1.2.11: visualstudioexptteam.vscodeintellicode
[2021-03-11 09:28:19.414] [sharedprocess] [info] Renamed to /home/dinskid/.vscode/extensions/visualstudioexptteam.vscodeintellicode-1.2.11
[2021-03-11 09:28:19.414] [sharedprocess] [info] Installation completed. visualstudioexptteam.vscodeintellicode
[2021-03-11 09:28:19.419] [sharedprocess] [info] Extensions installed successfully: visualstudioexptteam.vscodeintellicode
[2021-03-11 09:28:20.559] [sharedprocess] [info] Downloaded extension: redhat.java undefined
[2021-03-11 09:28:21.187] [sharedprocess] [info] Extracted extension to /home/dinskid/.vscode/extensions/.redhat.java-0.76.0: redhat.java
[2021-03-11 09:28:21.187] [sharedprocess] [info] Renamed to /home/dinskid/.vscode/extensions/redhat.java-0.76.0
[2021-03-11 09:28:21.189] [sharedprocess] [info] Installation completed. redhat.java
[2021-03-11 09:28:21.202] [sharedprocess] [info] Extensions installed successfully: redhat.java
[2021-03-11 09:28:21.206] [sharedprocess] [info] Extensions installed successfully: vscjava.vscode-java-test
[2021-03-11 09:28:21.208] [sharedprocess] [info] Extensions installed successfully: vscjava.vscode-java-pack
[2021-03-11 09:28:47.572] [sharedprocess] [info] Starting to clean up unused language packs.
