[2021-01-29 14:50:26.811] [exthost] [info] extension host started
[2021-01-29 14:50:26.847] [exthost] [info] ExtensionService#_doActivateExtension vscode.microsoft-authentication {"startup":false,"extensionId":{"value":"vscode.microsoft-authentication","_lower":"vscode.microsoft-authentication"},"activationEvent":"onAuthenticationRequest:microsoft"}
[2021-01-29 14:50:26.847] [exthost] [info] ExtensionService#loadCommonJSModule file:///snap/code/52/usr/share/code/resources/app/extensions/microsoft-authentication/dist/extension.js
[2021-01-29 14:50:26.860] [exthost] [info] ExtensionService#_doActivateExtension vscode.debug-auto-launch {"startup":true,"extensionId":{"value":"vscode.debug-auto-launch","_lower":"vscode.debug-auto-launch"},"activationEvent":"*"}
[2021-01-29 14:50:26.860] [exthost] [info] ExtensionService#loadCommonJSModule file:///snap/code/52/usr/share/code/resources/app/extensions/debug-auto-launch/dist/extension
[2021-01-29 14:50:26.863] [exthost] [info] ExtensionService#_doActivateExtension vscode.emmet {"startup":true,"extensionId":{"value":"vscode.emmet","_lower":"vscode.emmet"},"activationEvent":"*"}
[2021-01-29 14:50:26.863] [exthost] [info] ExtensionService#loadCommonJSModule file:///snap/code/52/usr/share/code/resources/app/extensions/emmet/dist/node/emmetNodeMain
[2021-01-29 14:50:26.887] [exthost] [info] ExtensionService#_doActivateExtension vscode.git {"startup":true,"extensionId":{"value":"vscode.github","_lower":"vscode.github"},"activationEvent":"*"}
[2021-01-29 14:50:26.887] [exthost] [info] ExtensionService#loadCommonJSModule file:///snap/code/52/usr/share/code/resources/app/extensions/git/dist/main
[2021-01-29 14:50:26.930] [exthost] [info] ExtensionService#_doActivateExtension vscode.merge-conflict {"startup":true,"extensionId":{"value":"vscode.merge-conflict","_lower":"vscode.merge-conflict"},"activationEvent":"*"}
[2021-01-29 14:50:26.931] [exthost] [info] ExtensionService#loadCommonJSModule file:///snap/code/52/usr/share/code/resources/app/extensions/merge-conflict/dist/mergeConflictMain
[2021-01-29 14:50:26.935] [exthost] [info] ExtensionService#_doActivateExtension vscode.search-result {"startup":true,"extensionId":{"value":"vscode.search-result","_lower":"vscode.search-result"},"activationEvent":"*"}
[2021-01-29 14:50:26.935] [exthost] [info] ExtensionService#loadCommonJSModule file:///snap/code/52/usr/share/code/resources/app/extensions/search-result/dist/extension.js
[2021-01-29 14:50:26.938] [exthost] [info] ExtensionService#_doActivateExtension ms-vscode.cpptools {"startup":true,"extensionId":{"value":"ms-vscode.cpptools","_lower":"ms-vscode.cpptools"},"activationEvent":"*"}
[2021-01-29 14:50:26.938] [exthost] [info] ExtensionService#loadCommonJSModule file:///home/dinskid/.vscode/extensions/ms-vscode.cpptools-1.2.0-insiders3/dist/main
[2021-01-29 14:50:27.025] [exthost] [info] ExtensionService#_doActivateExtension ms-vsliveshare.vsliveshare {"startup":true,"extensionId":{"value":"ms-vsliveshare.vsliveshare","_lower":"ms-vsliveshare.vsliveshare"},"activationEvent":"*"}
[2021-01-29 14:50:27.025] [exthost] [info] ExtensionService#loadCommonJSModule file:///home/dinskid/.vscode/extensions/ms-vsliveshare.vsliveshare-1.0.3577/out/prod/extension-prod
[2021-01-29 14:50:27.193] [exthost] [info] ExtensionService#_doActivateExtension vscodevim.vim {"startup":true,"extensionId":{"value":"vscodevim.vim","_lower":"vscodevim.vim"},"activationEvent":"*"}
[2021-01-29 14:50:27.193] [exthost] [info] ExtensionService#loadCommonJSModule file:///home/dinskid/.vscode/extensions/vscodevim.vim-1.18.5/out/extension
[2021-01-29 14:50:27.382] [exthost] [info] ExtensionService#_doActivateExtension ms-vscode.js-debug {"startup":false,"extensionId":{"value":"ms-vscode.js-debug","_lower":"ms-vscode.js-debug"},"activationEvent":"onCommand:extension.js-debug.clearAutoAttachVariables"}
[2021-01-29 14:50:27.382] [exthost] [info] ExtensionService#loadCommonJSModule file:///snap/code/52/usr/share/code/resources/app/extensions/ms-vscode.js-debug/src/extension.js
[2021-01-29 14:50:27.463] [exthost] [info] ExtensionService#_doActivateExtension vscode.github {"startup":false,"extensionId":{"value":"vscode.github","_lower":"vscode.github"},"activationEvent":"*"}
[2021-01-29 14:50:27.464] [exthost] [info] ExtensionService#loadCommonJSModule file:///snap/code/52/usr/share/code/resources/app/extensions/github/dist/extension.js
[2021-01-29 14:50:27.629] [exthost] [info] ExtensionService#_doActivateExtension vscode.github-authentication {"startup":false,"extensionId":{"value":"vscode.github-authentication","_lower":"vscode.github-authentication"},"activationEvent":"onAuthenticationRequest:github"}
[2021-01-29 14:50:27.629] [exthost] [info] ExtensionService#loadCommonJSModule file:///snap/code/52/usr/share/code/resources/app/extensions/github-authentication/dist/extension.js
[2021-01-29 14:50:28.738] [exthost] [info] eager extensions activated
[2021-01-29 14:50:28.899] [exthost] [info] ExtensionService#_doActivateExtension vscode.configuration-editing {"startup":false,"extensionId":{"value":"vscode.configuration-editing","_lower":"vscode.configuration-editing"},"activationEvent":"onLanguage:jsonc"}
[2021-01-29 14:50:28.899] [exthost] [info] ExtensionService#loadCommonJSModule file:///snap/code/52/usr/share/code/resources/app/extensions/configuration-editing/dist/configurationEditingMain
[2021-01-29 14:50:28.906] [exthost] [info] ExtensionService#_doActivateExtension vscode.json-language-features {"startup":false,"extensionId":{"value":"vscode.json-language-features","_lower":"vscode.json-language-features"},"activationEvent":"onLanguage:jsonc"}
[2021-01-29 14:50:28.906] [exthost] [info] ExtensionService#loadCommonJSModule file:///snap/code/52/usr/share/code/resources/app/extensions/json-language-features/client/dist/node/jsonClientMain
[2021-01-29 14:50:28.956] [exthost] [info] ExtensionService#_doActivateExtension vscode.typescript-language-features {"startup":false,"extensionId":{"value":"vscode.typescript-language-features","_lower":"vscode.typescript-language-features"},"activationEvent":"onLanguage:jsonc"}
[2021-01-29 14:50:28.956] [exthost] [info] ExtensionService#loadCommonJSModule file:///snap/code/52/usr/share/code/resources/app/extensions/typescript-language-features/dist/extension
[2021-01-29 14:50:36.873] [exthost] [info] extension host started
[2021-01-29 14:50:36.903] [exthost] [info] ExtensionService#_doActivateExtension vscode.microsoft-authentication {"startup":false,"extensionId":{"value":"vscode.microsoft-authentication","_lower":"vscode.microsoft-authentication"},"activationEvent":"onAuthenticationRequest:microsoft"}
[2021-01-29 14:50:36.903] [exthost] [info] ExtensionService#loadCommonJSModule file:///snap/code/52/usr/share/code/resources/app/extensions/microsoft-authentication/dist/extension.js
[2021-01-29 14:50:36.909] [exthost] [info] ExtensionService#_doActivateExtension vscode.debug-auto-launch {"startup":true,"extensionId":{"value":"vscode.debug-auto-launch","_lower":"vscode.debug-auto-launch"},"activationEvent":"*"}
[2021-01-29 14:50:36.910] [exthost] [info] ExtensionService#loadCommonJSModule file:///snap/code/52/usr/share/code/resources/app/extensions/debug-auto-launch/dist/extension
[2021-01-29 14:50:36.911] [exthost] [info] ExtensionService#_doActivateExtension vscode.emmet {"startup":true,"extensionId":{"value":"vscode.emmet","_lower":"vscode.emmet"},"activationEvent":"*"}
[2021-01-29 14:50:36.911] [exthost] [info] ExtensionService#loadCommonJSModule file:///snap/code/52/usr/share/code/resources/app/extensions/emmet/dist/node/emmetNodeMain
[2021-01-29 14:50:36.920] [exthost] [info] ExtensionService#_doActivateExtension vscode.git {"startup":true,"extensionId":{"value":"vscode.github","_lower":"vscode.github"},"activationEvent":"*"}
[2021-01-29 14:50:36.920] [exthost] [info] ExtensionService#loadCommonJSModule file:///snap/code/52/usr/share/code/resources/app/extensions/git/dist/main
[2021-01-29 14:50:36.930] [exthost] [info] ExtensionService#_doActivateExtension vscode.merge-conflict {"startup":true,"extensionId":{"value":"vscode.merge-conflict","_lower":"vscode.merge-conflict"},"activationEvent":"*"}
[2021-01-29 14:50:36.930] [exthost] [info] ExtensionService#loadCommonJSModule file:///snap/code/52/usr/share/code/resources/app/extensions/merge-conflict/dist/mergeConflictMain
[2021-01-29 14:50:36.931] [exthost] [info] ExtensionService#_doActivateExtension vscode.search-result {"startup":true,"extensionId":{"value":"vscode.search-result","_lower":"vscode.search-result"},"activationEvent":"*"}
[2021-01-29 14:50:36.931] [exthost] [info] ExtensionService#loadCommonJSModule file:///snap/code/52/usr/share/code/resources/app/extensions/search-result/dist/extension.js
[2021-01-29 14:50:36.932] [exthost] [info] ExtensionService#_doActivateExtension ms-vsliveshare.vsliveshare {"startup":true,"extensionId":{"value":"ms-vsliveshare.vsliveshare","_lower":"ms-vsliveshare.vsliveshare"},"activationEvent":"*"}
[2021-01-29 14:50:36.932] [exthost] [info] ExtensionService#loadCommonJSModule file:///home/dinskid/.vscode/extensions/ms-vsliveshare.vsliveshare-1.0.3577/out/prod/extension-prod
[2021-01-29 14:50:37.032] [exthost] [info] ExtensionService#_doActivateExtension vscodevim.vim {"startup":true,"extensionId":{"value":"vscodevim.vim","_lower":"vscodevim.vim"},"activationEvent":"*"}
[2021-01-29 14:50:37.032] [exthost] [info] ExtensionService#loadCommonJSModule file:///home/dinskid/.vscode/extensions/vscodevim.vim-1.18.5/out/extension
[2021-01-29 14:50:37.198] [exthost] [info] ExtensionService#_doActivateExtension ms-vscode.js-debug {"startup":false,"extensionId":{"value":"ms-vscode.js-debug","_lower":"ms-vscode.js-debug"},"activationEvent":"onCommand:extension.js-debug.clearAutoAttachVariables"}
[2021-01-29 14:50:37.198] [exthost] [info] ExtensionService#loadCommonJSModule file:///snap/code/52/usr/share/code/resources/app/extensions/ms-vscode.js-debug/src/extension.js
[2021-01-29 14:50:37.253] [exthost] [info] ExtensionService#_doActivateExtension vscode.github {"startup":false,"extensionId":{"value":"vscode.github","_lower":"vscode.github"},"activationEvent":"*"}
[2021-01-29 14:50:37.253] [exthost] [info] ExtensionService#loadCommonJSModule file:///snap/code/52/usr/share/code/resources/app/extensions/github/dist/extension.js
[2021-01-29 14:50:37.316] [exthost] [info] ExtensionService#_doActivateExtension vscode.github-authentication {"startup":false,"extensionId":{"value":"vscode.github-authentication","_lower":"vscode.github-authentication"},"activationEvent":"onAuthenticationRequest:github"}
[2021-01-29 14:50:37.316] [exthost] [info] ExtensionService#loadCommonJSModule file:///snap/code/52/usr/share/code/resources/app/extensions/github-authentication/dist/extension.js
[2021-01-29 14:50:37.436] [exthost] [info] eager extensions activated
[2021-01-29 14:50:40.613] [exthost] [info] ExtensionService#_doActivateExtension ms-vscode.cpptools {"startup":false,"extensionId":{"value":"ms-vscode.cpptools","_lower":"ms-vscode.cpptools"},"activationEvent":"onLanguage:cpp"}
[2021-01-29 14:50:40.613] [exthost] [info] ExtensionService#loadCommonJSModule file:///home/dinskid/.vscode/extensions/ms-vscode.cpptools-1.2.0-insiders3/dist/main
[2021-01-29 14:50:41.216] [exthost] [error] [ms-vsliveshare.vsliveshare] provider FAILED
[2021-01-29 14:50:41.216] [exthost] [error] Error: Illegal argument
    at Object.t.illegalArgument (file:///snap/code/52/usr/share/code/resources/app/out/vs/workbench/workbench.desktop.main.js:50:698)
    at file:///snap/code/52/usr/share/code/resources/app/out/vs/workbench/workbench.desktop.main.js:1705:215
    at d.invokeFunction (file:///snap/code/52/usr/share/code/resources/app/out/vs/workbench/workbench.desktop.main.js:1759:588)
    at u._tryExecuteCommand (file:///snap/code/52/usr/share/code/resources/app/out/vs/workbench/workbench.desktop.main.js:4190:37)
    at file:///snap/code/52/usr/share/code/resources/app/out/vs/workbench/workbench.desktop.main.js:4189:774
[2021-01-29 14:50:52.569] [exthost] [error] [ms-vscode.cpptools] provider FAILED
[2021-01-29 14:50:52.569] [exthost] [error] undefined
[2021-01-29 14:51:03.841] [exthost] [error] [ms-vscode.cpptools] provider FAILED
[2021-01-29 14:51:03.841] [exthost] [error] undefined
[2021-01-29 14:54:46.726] [exthost] [error] [ms-vscode.cpptools] provider FAILED
[2021-01-29 14:54:46.726] [exthost] [error] undefined
[2021-01-29 14:55:09.704] [exthost] [error] [ms-vscode.cpptools] provider FAILED
[2021-01-29 14:55:09.704] [exthost] [error] undefined
[2021-01-29 14:55:19.868] [exthost] [error] [ms-vscode.cpptools] provider FAILED
[2021-01-29 14:55:19.868] [exthost] [error] undefined
[2021-01-29 14:55:25.836] [exthost] [error] [ms-vscode.cpptools] provider FAILED
[2021-01-29 14:55:25.836] [exthost] [error] undefined
[2021-01-29 14:55:29.719] [exthost] [error] [ms-vscode.cpptools] provider FAILED
[2021-01-29 14:55:29.719] [exthost] [error] undefined
[2021-01-29 14:55:31.325] [exthost] [error] [ms-vscode.cpptools] provider FAILED
[2021-01-29 14:55:31.325] [exthost] [error] undefined
[2021-01-29 14:55:36.548] [exthost] [error] [ms-vscode.cpptools] provider FAILED
[2021-01-29 14:55:36.548] [exthost] [error] undefined
[2021-01-29 14:55:41.662] [exthost] [error] [ms-vscode.cpptools] provider FAILED
[2021-01-29 14:55:41.662] [exthost] [error] undefined
[2021-01-29 14:55:44.649] [exthost] [error] [ms-vscode.cpptools] provider FAILED
[2021-01-29 14:55:44.649] [exthost] [error] undefined
[2021-01-29 14:55:48.388] [exthost] [error] [ms-vscode.cpptools] provider FAILED
[2021-01-29 14:55:48.388] [exthost] [error] undefined
[2021-01-29 14:55:50.506] [exthost] [error] [ms-vscode.cpptools] provider FAILED
[2021-01-29 14:55:50.506] [exthost] [error] undefined
[2021-01-29 14:55:58.822] [exthost] [error] [ms-vscode.cpptools] provider FAILED
[2021-01-29 14:55:58.823] [exthost] [error] undefined
[2021-01-29 14:56:26.168] [exthost] [error] [ms-vscode.cpptools] provider FAILED
[2021-01-29 14:56:26.168] [exthost] [error] undefined
[2021-01-29 14:56:36.847] [exthost] [error] [ms-vscode.cpptools] provider FAILED
[2021-01-29 14:56:36.847] [exthost] [error] undefined
[2021-01-29 14:56:38.695] [exthost] [error] [ms-vscode.cpptools] provider FAILED
[2021-01-29 14:56:38.695] [exthost] [error] undefined
[2021-01-29 14:56:51.174] [exthost] [error] [ms-vscode.cpptools] provider FAILED
[2021-01-29 14:56:51.174] [exthost] [error] undefined
[2021-01-29 14:56:54.804] [exthost] [error] [ms-vscode.cpptools] provider FAILED
[2021-01-29 14:56:54.804] [exthost] [error] undefined
[2021-01-29 14:57:08.242] [exthost] [error] [ms-vscode.cpptools] provider FAILED
[2021-01-29 14:57:08.242] [exthost] [error] undefined
[2021-01-29 14:57:14.745] [exthost] [error] [ms-vscode.cpptools] provider FAILED
[2021-01-29 14:57:14.745] [exthost] [error] undefined
[2021-01-29 14:57:18.338] [exthost] [error] [ms-vscode.cpptools] provider FAILED
[2021-01-29 14:57:18.338] [exthost] [error] undefined
[2021-01-29 14:57:23.543] [exthost] [error] [ms-vscode.cpptools] provider FAILED
[2021-01-29 14:57:23.543] [exthost] [error] undefined
[2021-01-29 14:57:25.671] [exthost] [error] [ms-vscode.cpptools] provider FAILED
[2021-01-29 14:57:25.671] [exthost] [error] undefined
[2021-01-29 14:57:29.874] [exthost] [error] [ms-vscode.cpptools] provider FAILED
[2021-01-29 14:57:29.874] [exthost] [error] undefined
[2021-01-29 14:57:36.257] [exthost] [error] [ms-vscode.cpptools] provider FAILED
[2021-01-29 14:57:36.257] [exthost] [error] undefined
[2021-01-29 14:57:43.126] [exthost] [error] [ms-vscode.cpptools] provider FAILED
[2021-01-29 14:57:43.126] [exthost] [error] undefined
[2021-01-29 14:57:52.871] [exthost] [error] [ms-vscode.cpptools] provider FAILED
[2021-01-29 14:57:52.871] [exthost] [error] undefined
[2021-01-29 14:58:01.401] [exthost] [error] [ms-vscode.cpptools] provider FAILED
[2021-01-29 14:58:01.401] [exthost] [error] undefined
[2021-01-29 14:58:05.411] [exthost] [error] [ms-vscode.cpptools] provider FAILED
[2021-01-29 14:58:05.411] [exthost] [error] undefined
[2021-01-29 14:58:08.308] [exthost] [error] [ms-vscode.cpptools] provider FAILED
[2021-01-29 14:58:08.308] [exthost] [error] undefined
[2021-01-29 14:58:26.947] [exthost] [error] [ms-vscode.cpptools] provider FAILED
[2021-01-29 14:58:26.947] [exthost] [error] undefined
[2021-01-29 14:58:39.633] [exthost] [error] [ms-vscode.cpptools] provider FAILED
[2021-01-29 14:58:39.633] [exthost] [error] undefined
[2021-01-29 14:58:46.086] [exthost] [error] [ms-vscode.cpptools] provider FAILED
[2021-01-29 14:58:46.086] [exthost] [error] undefined
[2021-01-29 14:58:58.450] [exthost] [error] [ms-vscode.cpptools] provider FAILED
[2021-01-29 14:58:58.450] [exthost] [error] undefined
[2021-01-29 14:59:07.209] [exthost] [error] [ms-vscode.cpptools] provider FAILED
[2021-01-29 14:59:07.209] [exthost] [error] undefined
[2021-01-29 14:59:23.451] [exthost] [error] [ms-vscode.cpptools] provider FAILED
[2021-01-29 14:59:23.451] [exthost] [error] undefined
[2021-01-29 14:59:57.752] [exthost] [error] [ms-vscode.cpptools] provider FAILED
[2021-01-29 14:59:57.753] [exthost] [error] undefined
[2021-01-29 15:00:16.649] [exthost] [error] [ms-vscode.cpptools] provider FAILED
[2021-01-29 15:00:16.649] [exthost] [error] undefined
[2021-01-29 15:00:31.278] [exthost] [error] [ms-vscode.cpptools] provider FAILED
[2021-01-29 15:00:31.278] [exthost] [error] undefined
[2021-01-29 15:00:37.928] [exthost] [error] [ms-vscode.cpptools] provider FAILED
[2021-01-29 15:00:37.928] [exthost] [error] undefined
[2021-01-29 15:00:46.447] [exthost] [error] [ms-vscode.cpptools] provider FAILED
[2021-01-29 15:00:46.448] [exthost] [error] undefined
[2021-01-29 15:01:03.311] [exthost] [error] [ms-vscode.cpptools] provider FAILED
[2021-01-29 15:01:03.311] [exthost] [error] undefined
[2021-01-29 15:01:15.002] [exthost] [error] [ms-vscode.cpptools] provider FAILED
[2021-01-29 15:01:15.002] [exthost] [error] undefined
[2021-01-29 15:01:20.131] [exthost] [error] [ms-vscode.cpptools] provider FAILED
[2021-01-29 15:01:20.131] [exthost] [error] undefined
[2021-01-29 15:01:21.567] [exthost] [error] [ms-vscode.cpptools] provider FAILED
[2021-01-29 15:01:21.567] [exthost] [error] undefined
[2021-01-29 15:01:26.564] [exthost] [error] [ms-vscode.cpptools] provider FAILED
[2021-01-29 15:01:26.564] [exthost] [error] undefined
[2021-01-29 15:01:30.704] [exthost] [info] ExtensionService#_doActivateExtension vscode.grunt {"startup":false,"extensionId":{"value":"vscode.grunt","_lower":"vscode.grunt"},"activationEvent":"onCommand:workbench.action.tasks.runTask"}
[2021-01-29 15:01:30.705] [exthost] [info] ExtensionService#loadCommonJSModule file:///snap/code/52/usr/share/code/resources/app/extensions/grunt/dist/main
[2021-01-29 15:01:30.724] [exthost] [info] ExtensionService#_doActivateExtension vscode.gulp {"startup":false,"extensionId":{"value":"vscode.gulp","_lower":"vscode.gulp"},"activationEvent":"onCommand:workbench.action.tasks.runTask"}
[2021-01-29 15:01:30.724] [exthost] [info] ExtensionService#loadCommonJSModule file:///snap/code/52/usr/share/code/resources/app/extensions/gulp/dist/main
[2021-01-29 15:01:30.732] [exthost] [info] ExtensionService#_doActivateExtension vscode.jake {"startup":false,"extensionId":{"value":"vscode.jake","_lower":"vscode.jake"},"activationEvent":"onCommand:workbench.action.tasks.runTask"}
[2021-01-29 15:01:30.732] [exthost] [info] ExtensionService#loadCommonJSModule file:///snap/code/52/usr/share/code/resources/app/extensions/jake/dist/main
[2021-01-29 15:01:30.740] [exthost] [info] ExtensionService#_doActivateExtension vscode.npm {"startup":false,"extensionId":{"value":"vscode.npm","_lower":"vscode.npm"},"activationEvent":"onCommand:workbench.action.tasks.runTask"}
[2021-01-29 15:01:30.740] [exthost] [info] ExtensionService#loadCommonJSModule file:///snap/code/52/usr/share/code/resources/app/extensions/npm/dist/npmMain
[2021-01-29 15:01:30.766] [exthost] [info] ExtensionService#_doActivateExtension vscode.typescript-language-features {"startup":false,"extensionId":{"value":"vscode.typescript-language-features","_lower":"vscode.typescript-language-features"},"activationEvent":"onCommand:workbench.action.tasks.runTask"}
[2021-01-29 15:01:30.766] [exthost] [info] ExtensionService#loadCommonJSModule file:///snap/code/52/usr/share/code/resources/app/extensions/typescript-language-features/dist/extension
[2021-01-29 15:01:30.781] [exthost] [error] [ms-vscode.cpptools] provider FAILED
[2021-01-29 15:01:30.781] [exthost] [error] undefined
[2021-01-29 15:01:42.922] [exthost] [error] [ms-vscode.cpptools] provider FAILED
[2021-01-29 15:01:42.922] [exthost] [error] undefined
[2021-01-29 15:02:07.293] [exthost] [error] [ms-vscode.cpptools] provider FAILED
[2021-01-29 15:02:07.293] [exthost] [error] undefined
[2021-01-29 15:02:24.004] [exthost] [error] [ms-vscode.cpptools] provider FAILED
[2021-01-29 15:02:24.004] [exthost] [error] undefined
[2021-01-29 15:02:28.885] [exthost] [error] [ms-vscode.cpptools] provider FAILED
[2021-01-29 15:02:28.885] [exthost] [error] undefined
[2021-01-29 15:03:27.831] [exthost] [error] [ms-vscode.cpptools] provider FAILED
[2021-01-29 15:03:27.831] [exthost] [error] undefined
[2021-01-29 15:03:34.145] [exthost] [error] [ms-vscode.cpptools] provider FAILED
[2021-01-29 15:03:34.145] [exthost] [error] undefined
[2021-01-29 15:04:40.537] [exthost] [error] [ms-vscode.cpptools] provider FAILED
[2021-01-29 15:04:40.537] [exthost] [error] undefined
[2021-01-29 15:06:10.109] [exthost] [error] [ms-vscode.cpptools] provider FAILED
[2021-01-29 15:06:10.109] [exthost] [error] undefined
[2021-01-29 15:06:38.765] [exthost] [error] [ms-vscode.cpptools] provider FAILED
[2021-01-29 15:06:38.765] [exthost] [error] undefined
[2021-01-29 15:07:01.986] [exthost] [error] [ms-vscode.cpptools] provider FAILED
[2021-01-29 15:07:01.986] [exthost] [error] undefined
[2021-01-29 15:08:02.422] [exthost] [error] [ms-vscode.cpptools] provider FAILED
[2021-01-29 15:08:02.422] [exthost] [error] undefined
[2021-01-29 15:08:04.543] [exthost] [error] [ms-vscode.cpptools] provider FAILED
[2021-01-29 15:08:04.543] [exthost] [error] undefined
[2021-01-29 15:11:09.525] [exthost] [error] [ms-vscode.cpptools] provider FAILED
[2021-01-29 15:11:09.525] [exthost] [error] undefined
[2021-01-29 15:11:46.190] [exthost] [error] [ms-vscode.cpptools] provider FAILED
[2021-01-29 15:11:46.190] [exthost] [error] undefined
[2021-01-29 15:13:18.681] [exthost] [error] [ms-vscode.cpptools] provider FAILED
[2021-01-29 15:13:18.681] [exthost] [error] undefined
[2021-01-29 15:13:22.792] [exthost] [error] [ms-vscode.cpptools] provider FAILED
[2021-01-29 15:13:22.792] [exthost] [error] undefined
[2021-01-29 15:13:24.866] [exthost] [error] [ms-vscode.cpptools] provider FAILED
[2021-01-29 15:13:24.866] [exthost] [error] undefined
[2021-01-29 16:24:39.333] [exthost] [warning] TextEditor is closed/disposed
[2021-01-29 16:24:39.333] [exthost] [warning] TextEditor is closed/disposed
[2021-01-29 16:24:39.358] [exthost] [warning] {"name":"DISPOSED","message":"TextEditor(vs.editor.ICodeEditor:1,$model9) has been disposed"}
[2021-01-29 16:24:40.786] [exthost] [warning] TextEditor is closed/disposed
[2021-01-29 16:24:40.787] [exthost] [warning] TextEditor is closed/disposed
[2021-01-29 16:24:40.799] [exthost] [warning] {"name":"DISPOSED","message":"TextEditor(vs.editor.ICodeEditor:1,$model7) has been disposed"}
