[2021-01-28 19:51:32.571] [renderer1] [error] [File Watcher (node.js)] Error: ENOENT: no such file or directory, stat '/home/dinskid/cp/contest/cf/1478/.vscode'
[2021-01-28 20:04:44.517] [renderer1] [error] [File Watcher (node.js)] Error: ENOENT: no such file or directory, stat '/home/dinskid/cp/contest/cf/1478/.vscode'
[2021-01-28 20:06:14.223] [renderer1] [error] An unknown error occurred. Please consult the log for more details.
[2021-01-28 20:06:17.183] [renderer1] [error] An unknown error occurred. Please consult the log for more details.
[2021-01-28 20:06:23.673] [renderer1] [error] An unknown error occurred. Please consult the log for more details.
[2021-01-28 20:06:25.795] [renderer1] [error] An unknown error occurred. Please consult the log for more details.
[2021-01-28 20:06:27.950] [renderer1] [error] An unknown error occurred. Please consult the log for more details.
[2021-01-28 20:06:29.405] [renderer1] [error] An unknown error occurred. Please consult the log for more details.
[2021-01-28 20:06:30.520] [renderer1] [error] An unknown error occurred. Please consult the log for more details.
[2021-01-28 20:06:32.925] [renderer1] [error] An unknown error occurred. Please consult the log for more details.
[2021-01-28 20:06:41.799] [renderer1] [error] An unknown error occurred. Please consult the log for more details.
[2021-01-28 20:06:47.690] [renderer1] [error] An unknown error occurred. Please consult the log for more details.
[2021-01-28 20:07:06.492] [renderer1] [error] An unknown error occurred. Please consult the log for more details.
[2021-01-28 20:07:13.442] [renderer1] [error] An unknown error occurred. Please consult the log for more details.
[2021-01-28 20:07:17.926] [renderer1] [error] An unknown error occurred. Please consult the log for more details.
[2021-01-28 20:07:26.431] [renderer1] [error] An unknown error occurred. Please consult the log for more details.
[2021-01-28 20:07:31.168] [renderer1] [error] An unknown error occurred. Please consult the log for more details.
[2021-01-28 20:07:33.596] [renderer1] [error] An unknown error occurred. Please consult the log for more details.
[2021-01-28 20:07:35.670] [renderer1] [error] An unknown error occurred. Please consult the log for more details.
[2021-01-28 20:07:38.065] [renderer1] [error] An unknown error occurred. Please consult the log for more details.
[2021-01-28 20:07:42.239] [renderer1] [error] An unknown error occurred. Please consult the log for more details.
[2021-01-28 20:07:45.990] [renderer1] [error] An unknown error occurred. Please consult the log for more details.
[2021-01-28 20:07:48.269] [renderer1] [error] An unknown error occurred. Please consult the log for more details.
[2021-01-28 20:32:53.828] [renderer1] [error] An unknown error occurred. Please consult the log for more details.
[2021-01-28 20:33:01.418] [renderer1] [error] An unknown error occurred. Please consult the log for more details.
[2021-01-28 20:33:42.299] [renderer1] [error] An unknown error occurred. Please consult the log for more details.
[2021-01-28 20:33:47.764] [renderer1] [error] An unknown error occurred. Please consult the log for more details.
[2021-01-28 20:33:51.535] [renderer1] [error] An unknown error occurred. Please consult the log for more details.
[2021-01-28 20:33:59.457] [renderer1] [error] An unknown error occurred. Please consult the log for more details.
[2021-01-28 20:34:00.958] [renderer1] [error] An unknown error occurred. Please consult the log for more details.
[2021-01-28 20:34:09.473] [renderer1] [error] An unknown error occurred. Please consult the log for more details.
[2021-01-28 20:34:18.329] [renderer1] [error] An unknown error occurred. Please consult the log for more details.
[2021-01-28 20:34:21.391] [renderer1] [error] An unknown error occurred. Please consult the log for more details.
[2021-01-28 20:34:23.831] [renderer1] [error] An unknown error occurred. Please consult the log for more details.
[2021-01-28 20:34:32.822] [renderer1] [error] An unknown error occurred. Please consult the log for more details.
[2021-01-28 20:34:38.914] [renderer1] [error] An unknown error occurred. Please consult the log for more details.
[2021-01-28 20:35:10.521] [renderer1] [error] An unknown error occurred. Please consult the log for more details.
[2021-01-28 20:35:20.939] [renderer1] [error] An unknown error occurred. Please consult the log for more details.
[2021-01-28 20:35:27.533] [renderer1] [error] An unknown error occurred. Please consult the log for more details.
[2021-01-28 20:35:30.677] [renderer1] [error] An unknown error occurred. Please consult the log for more details.
[2021-01-28 20:36:06.363] [renderer1] [error] An unknown error occurred. Please consult the log for more details.
[2021-01-28 20:36:11.454] [renderer1] [error] An unknown error occurred. Please consult the log for more details.
[2021-01-28 20:36:24.504] [renderer1] [error] An unknown error occurred. Please consult the log for more details.
[2021-01-28 20:36:37.215] [renderer1] [error] An unknown error occurred. Please consult the log for more details.
[2021-01-28 20:36:39.467] [renderer1] [error] An unknown error occurred. Please consult the log for more details.
[2021-01-28 20:38:06.669] [renderer1] [error] An unknown error occurred. Please consult the log for more details.
[2021-01-28 20:38:11.061] [renderer1] [error] An unknown error occurred. Please consult the log for more details.
[2021-01-28 20:38:13.106] [renderer1] [error] An unknown error occurred. Please consult the log for more details.
[2021-01-28 20:38:16.807] [renderer1] [error] An unknown error occurred. Please consult the log for more details.
[2021-01-28 20:39:03.868] [renderer1] [error] An unknown error occurred. Please consult the log for more details.
[2021-01-28 20:39:07.965] [renderer1] [error] An unknown error occurred. Please consult the log for more details.
[2021-01-28 20:39:26.426] [renderer1] [error] An unknown error occurred. Please consult the log for more details.
[2021-01-28 20:39:44.045] [renderer1] [error] An unknown error occurred. Please consult the log for more details.
[2021-01-28 20:41:16.384] [renderer1] [error] An unknown error occurred. Please consult the log for more details.
[2021-01-28 20:41:47.516] [renderer1] [error] An unknown error occurred. Please consult the log for more details.
[2021-01-28 20:41:50.917] [renderer1] [error] An unknown error occurred. Please consult the log for more details.
[2021-01-28 20:41:59.351] [renderer1] [error] An unknown error occurred. Please consult the log for more details.
[2021-01-28 20:42:43.129] [renderer1] [error] An unknown error occurred. Please consult the log for more details.
[2021-01-28 20:42:48.104] [renderer1] [error] An unknown error occurred. Please consult the log for more details.
[2021-01-28 20:42:52.768] [renderer1] [error] An unknown error occurred. Please consult the log for more details.
[2021-01-28 20:42:54.857] [renderer1] [error] An unknown error occurred. Please consult the log for more details.
[2021-01-28 20:43:05.010] [renderer1] [error] An unknown error occurred. Please consult the log for more details.
[2021-01-28 20:43:26.810] [renderer1] [error] An unknown error occurred. Please consult the log for more details.
[2021-01-28 20:43:29.148] [renderer1] [error] An unknown error occurred. Please consult the log for more details.
[2021-01-28 20:43:31.273] [renderer1] [error] An unknown error occurred. Please consult the log for more details.
[2021-01-28 20:43:33.469] [renderer1] [error] An unknown error occurred. Please consult the log for more details.
[2021-01-28 20:43:37.518] [renderer1] [error] An unknown error occurred. Please consult the log for more details.
[2021-01-28 20:46:38.760] [renderer1] [error] An unknown error occurred. Please consult the log for more details.
[2021-01-28 20:46:55.569] [renderer1] [error] An unknown error occurred. Please consult the log for more details.
[2021-01-28 20:46:59.543] [renderer1] [error] An unknown error occurred. Please consult the log for more details.
[2021-01-28 20:47:05.402] [renderer1] [error] An unknown error occurred. Please consult the log for more details.
[2021-01-28 20:47:07.551] [renderer1] [error] An unknown error occurred. Please consult the log for more details.
[2021-01-28 20:47:11.936] [renderer1] [error] An unknown error occurred. Please consult the log for more details.
[2021-01-28 20:47:53.510] [renderer1] [error] An unknown error occurred. Please consult the log for more details.
[2021-01-28 20:49:08.005] [renderer1] [error] An unknown error occurred. Please consult the log for more details.
[2021-01-28 20:49:22.770] [renderer1] [error] An unknown error occurred. Please consult the log for more details.
[2021-01-28 20:50:04.206] [renderer1] [error] An unknown error occurred. Please consult the log for more details.
[2021-01-28 21:07:20.946] [renderer1] [error] An unknown error occurred. Please consult the log for more details.
[2021-01-28 21:07:52.728] [renderer1] [error] An unknown error occurred. Please consult the log for more details.
[2021-01-28 21:08:05.498] [renderer1] [error] An unknown error occurred. Please consult the log for more details.
[2021-01-28 21:08:18.097] [renderer1] [error] An unknown error occurred. Please consult the log for more details.
[2021-01-28 21:08:28.335] [renderer1] [error] An unknown error occurred. Please consult the log for more details.
[2021-01-28 21:08:34.508] [renderer1] [error] An unknown error occurred. Please consult the log for more details.
[2021-01-28 21:08:38.567] [renderer1] [error] An unknown error occurred. Please consult the log for more details.
[2021-01-28 21:08:48.385] [renderer1] [error] An unknown error occurred. Please consult the log for more details.
[2021-01-28 21:09:03.608] [renderer1] [error] An unknown error occurred. Please consult the log for more details.
[2021-01-28 21:09:08.247] [renderer1] [error] An unknown error occurred. Please consult the log for more details.
[2021-01-28 21:09:10.441] [renderer1] [error] An unknown error occurred. Please consult the log for more details.
[2021-01-28 21:09:12.614] [renderer1] [error] An unknown error occurred. Please consult the log for more details.
[2021-01-28 21:09:19.655] [renderer1] [error] An unknown error occurred. Please consult the log for more details.
[2021-01-28 21:09:25.946] [renderer1] [error] An unknown error occurred. Please consult the log for more details.
[2021-01-28 21:10:03.663] [renderer1] [error] An unknown error occurred. Please consult the log for more details.
[2021-01-28 21:10:06.648] [renderer1] [error] An unknown error occurred. Please consult the log for more details.
[2021-01-28 21:10:21.642] [renderer1] [error] An unknown error occurred. Please consult the log for more details.
[2021-01-28 21:25:05.673] [renderer1] [error] An unknown error occurred. Please consult the log for more details.
[2021-01-28 21:25:11.435] [renderer1] [error] An unknown error occurred. Please consult the log for more details.
[2021-01-28 21:25:21.988] [renderer1] [error] An unknown error occurred. Please consult the log for more details.
[2021-01-28 21:25:26.144] [renderer1] [error] An unknown error occurred. Please consult the log for more details.
[2021-01-28 21:25:35.300] [renderer1] [error] An unknown error occurred. Please consult the log for more details.
[2021-01-28 21:25:38.433] [renderer1] [error] An unknown error occurred. Please consult the log for more details.
[2021-01-28 21:25:44.825] [renderer1] [error] An unknown error occurred. Please consult the log for more details.
[2021-01-28 21:26:18.881] [renderer1] [error] An unknown error occurred. Please consult the log for more details.
[2021-01-28 21:26:23.212] [renderer1] [error] An unknown error occurred. Please consult the log for more details.
[2021-01-28 21:26:25.583] [renderer1] [error] An unknown error occurred. Please consult the log for more details.
[2021-01-28 21:26:27.651] [renderer1] [error] An unknown error occurred. Please consult the log for more details.
[2021-01-28 21:26:44.909] [renderer1] [error] An unknown error occurred. Please consult the log for more details.
[2021-01-28 21:26:47.189] [renderer1] [error] An unknown error occurred. Please consult the log for more details.
[2021-01-28 21:26:51.807] [renderer1] [error] An unknown error occurred. Please consult the log for more details.
[2021-01-28 21:29:12.033] [renderer1] [error] An unknown error occurred. Please consult the log for more details.
[2021-01-28 21:29:18.491] [renderer1] [error] An unknown error occurred. Please consult the log for more details.
[2021-01-28 21:29:22.645] [renderer1] [error] An unknown error occurred. Please consult the log for more details.
[2021-01-28 21:29:34.112] [renderer1] [error] An unknown error occurred. Please consult the log for more details.
[2021-01-28 21:30:15.340] [renderer1] [error] An unknown error occurred. Please consult the log for more details.
[2021-01-28 21:33:01.766] [renderer1] [error] An unknown error occurred. Please consult the log for more details.
[2021-01-28 21:33:06.130] [renderer1] [error] An unknown error occurred. Please consult the log for more details.
[2021-01-28 21:33:11.239] [renderer1] [error] An unknown error occurred. Please consult the log for more details.
[2021-01-28 21:55:01.617] [renderer1] [error] An unknown error occurred. Please consult the log for more details.
[2021-01-28 21:55:03.611] [renderer1] [error] An unknown error occurred. Please consult the log for more details.
[2021-01-28 21:55:07.960] [renderer1] [error] An unknown error occurred. Please consult the log for more details.
[2021-01-28 21:55:09.999] [renderer1] [error] An unknown error occurred. Please consult the log for more details.
[2021-01-28 21:55:15.306] [renderer1] [error] An unknown error occurred. Please consult the log for more details.
[2021-01-28 21:55:17.451] [renderer1] [error] An unknown error occurred. Please consult the log for more details.
[2021-01-28 21:55:18.838] [renderer1] [error] An unknown error occurred. Please consult the log for more details.
[2021-01-28 21:55:21.787] [renderer1] [error] An unknown error occurred. Please consult the log for more details.
[2021-01-28 21:55:23.888] [renderer1] [error] An unknown error occurred. Please consult the log for more details.
[2021-01-28 21:55:32.350] [renderer1] [error] An unknown error occurred. Please consult the log for more details.
[2021-01-28 21:55:41.763] [renderer1] [error] An unknown error occurred. Please consult the log for more details.
[2021-01-28 21:55:44.438] [renderer1] [error] An unknown error occurred. Please consult the log for more details.
[2021-01-28 21:55:53.218] [renderer1] [error] An unknown error occurred. Please consult the log for more details.
[2021-01-28 21:55:57.605] [renderer1] [error] An unknown error occurred. Please consult the log for more details.
[2021-01-28 21:56:00.006] [renderer1] [error] An unknown error occurred. Please consult the log for more details.
[2021-01-28 21:56:02.022] [renderer1] [error] An unknown error occurred. Please consult the log for more details.
[2021-01-28 21:56:14.891] [renderer1] [error] An unknown error occurred. Please consult the log for more details.
[2021-01-28 21:56:25.634] [renderer1] [error] An unknown error occurred. Please consult the log for more details.
[2021-01-28 21:56:30.536] [renderer1] [error] An unknown error occurred. Please consult the log for more details.
[2021-01-28 21:56:35.455] [renderer1] [error] An unknown error occurred. Please consult the log for more details.
[2021-01-28 21:56:43.788] [renderer1] [error] An unknown error occurred. Please consult the log for more details.
[2021-01-28 21:58:49.675] [renderer1] [error] An unknown error occurred. Please consult the log for more details.
[2021-01-28 21:59:07.598] [renderer1] [error] An unknown error occurred. Please consult the log for more details.
[2021-01-28 21:59:18.421] [renderer1] [error] An unknown error occurred. Please consult the log for more details.
[2021-01-28 21:59:38.323] [renderer1] [error] An unknown error occurred. Please consult the log for more details.
[2021-01-28 21:59:42.690] [renderer1] [error] An unknown error occurred. Please consult the log for more details.
[2021-01-28 22:00:09.011] [renderer1] [error] An unknown error occurred. Please consult the log for more details.
[2021-01-28 22:00:12.432] [renderer1] [error] An unknown error occurred. Please consult the log for more details.
[2021-01-28 22:00:16.683] [renderer1] [error] An unknown error occurred. Please consult the log for more details.
[2021-01-28 22:00:18.847] [renderer1] [error] An unknown error occurred. Please consult the log for more details.
[2021-01-28 22:00:29.455] [renderer1] [error] An unknown error occurred. Please consult the log for more details.
[2021-01-28 22:06:11.535] [renderer1] [error] An unknown error occurred. Please consult the log for more details.
[2021-01-28 22:06:17.276] [renderer1] [error] An unknown error occurred. Please consult the log for more details.
[2021-01-28 22:06:21.644] [renderer1] [error] An unknown error occurred. Please consult the log for more details.
[2021-01-28 22:06:31.771] [renderer1] [error] An unknown error occurred. Please consult the log for more details.
[2021-01-28 22:06:40.312] [renderer1] [error] An unknown error occurred. Please consult the log for more details.
[2021-01-28 22:06:47.429] [renderer1] [error] An unknown error occurred. Please consult the log for more details.
[2021-01-28 22:06:53.147] [renderer1] [error] An unknown error occurred. Please consult the log for more details.
[2021-01-28 22:06:57.320] [renderer1] [error] An unknown error occurred. Please consult the log for more details.
[2021-01-28 22:07:08.533] [renderer1] [error] An unknown error occurred. Please consult the log for more details.
[2021-01-28 22:07:13.935] [renderer1] [error] An unknown error occurred. Please consult the log for more details.
[2021-01-28 22:07:17.022] [renderer1] [error] An unknown error occurred. Please consult the log for more details.
[2021-01-28 22:07:19.426] [renderer1] [error] An unknown error occurred. Please consult the log for more details.
[2021-01-28 22:07:21.591] [renderer1] [error] An unknown error occurred. Please consult the log for more details.
[2021-01-28 22:07:25.792] [renderer1] [error] An unknown error occurred. Please consult the log for more details.
[2021-01-28 22:07:43.641] [renderer1] [error] An unknown error occurred. Please consult the log for more details.
[2021-01-28 22:07:49.679] [renderer1] [error] An unknown error occurred. Please consult the log for more details.
[2021-01-28 22:08:16.919] [renderer1] [error] An unknown error occurred. Please consult the log for more details.
[2021-01-28 22:08:29.491] [renderer1] [error] An unknown error occurred. Please consult the log for more details.
[2021-01-28 22:09:22.624] [renderer1] [error] An unknown error occurred. Please consult the log for more details.
[2021-01-28 22:09:30.280] [renderer1] [error] An unknown error occurred. Please consult the log for more details.
[2021-01-28 22:09:33.524] [renderer1] [error] An unknown error occurred. Please consult the log for more details.
[2021-01-28 22:09:37.629] [renderer1] [error] An unknown error occurred. Please consult the log for more details.
[2021-01-28 22:09:39.663] [renderer1] [error] An unknown error occurred. Please consult the log for more details.
[2021-01-28 22:09:43.935] [renderer1] [error] An unknown error occurred. Please consult the log for more details.
[2021-01-28 22:09:56.660] [renderer1] [error] An unknown error occurred. Please consult the log for more details.
[2021-01-28 22:09:58.721] [renderer1] [error] An unknown error occurred. Please consult the log for more details.
[2021-01-28 22:10:02.863] [renderer1] [error] An unknown error occurred. Please consult the log for more details.
[2021-01-28 22:10:04.906] [renderer1] [error] An unknown error occurred. Please consult the log for more details.
[2021-01-28 22:10:07.005] [renderer1] [error] An unknown error occurred. Please consult the log for more details.
[2021-01-28 22:10:14.518] [renderer1] [error] An unknown error occurred. Please consult the log for more details.
[2021-01-28 22:10:24.228] [renderer1] [error] An unknown error occurred. Please consult the log for more details.
[2021-01-28 22:10:59.292] [renderer1] [error] An unknown error occurred. Please consult the log for more details.
[2021-01-28 22:11:03.881] [renderer1] [error] An unknown error occurred. Please consult the log for more details.
[2021-01-28 22:11:10.543] [renderer1] [error] An unknown error occurred. Please consult the log for more details.
[2021-01-28 22:11:13.921] [renderer1] [error] An unknown error occurred. Please consult the log for more details.
[2021-01-28 22:11:31.238] [renderer1] [error] An unknown error occurred. Please consult the log for more details.
[2021-01-28 22:11:40.582] [renderer1] [error] An unknown error occurred. Please consult the log for more details.
[2021-01-28 22:11:49.236] [renderer1] [error] An unknown error occurred. Please consult the log for more details.
[2021-01-28 22:12:03.814] [renderer1] [error] An unknown error occurred. Please consult the log for more details.
[2021-01-28 22:12:11.570] [renderer1] [error] An unknown error occurred. Please consult the log for more details.
[2021-01-28 22:12:13.825] [renderer1] [error] An unknown error occurred. Please consult the log for more details.
[2021-01-28 22:12:18.439] [renderer1] [error] An unknown error occurred. Please consult the log for more details.
[2021-01-28 22:12:37.586] [renderer1] [error] An unknown error occurred. Please consult the log for more details.
[2021-01-28 22:12:42.539] [renderer1] [error] An unknown error occurred. Please consult the log for more details.
[2021-01-28 22:12:45.457] [renderer1] [error] An unknown error occurred. Please consult the log for more details.
[2021-01-28 22:13:22.024] [renderer1] [error] An unknown error occurred. Please consult the log for more details.
[2021-01-28 22:13:24.059] [renderer1] [error] An unknown error occurred. Please consult the log for more details.
[2021-01-28 22:13:28.843] [renderer1] [error] An unknown error occurred. Please consult the log for more details.
[2021-01-28 22:15:13.997] [renderer1] [error] An unknown error occurred. Please consult the log for more details.
[2021-01-28 22:15:20.320] [renderer1] [error] An unknown error occurred. Please consult the log for more details.
[2021-01-28 22:16:21.912] [renderer1] [error] An unknown error occurred. Please consult the log for more details.
[2021-01-28 22:18:03.586] [renderer1] [error] An unknown error occurred. Please consult the log for more details.
[2021-01-28 22:19:08.554] [renderer1] [error] An unknown error occurred. Please consult the log for more details.
[2021-01-28 22:19:10.617] [renderer1] [error] An unknown error occurred. Please consult the log for more details.
[2021-01-28 22:19:12.147] [renderer1] [error] An unknown error occurred. Please consult the log for more details.
[2021-01-28 22:19:24.357] [renderer1] [error] An unknown error occurred. Please consult the log for more details.
[2021-01-28 23:08:35.451] [renderer1] [error] An unknown error occurred. Please consult the log for more details.
[2021-01-28 23:08:38.408] [renderer1] [error] An unknown error occurred. Please consult the log for more details.
[2021-01-28 23:08:41.085] [renderer1] [error] An unknown error occurred. Please consult the log for more details.
[2021-01-28 23:08:43.214] [renderer1] [error] An unknown error occurred. Please consult the log for more details.
[2021-01-28 23:08:45.305] [renderer1] [error] An unknown error occurred. Please consult the log for more details.
[2021-01-28 23:08:47.520] [renderer1] [error] An unknown error occurred. Please consult the log for more details.
[2021-01-28 23:08:51.651] [renderer1] [error] An unknown error occurred. Please consult the log for more details.
[2021-01-28 23:08:54.028] [renderer1] [error] An unknown error occurred. Please consult the log for more details.
[2021-01-28 23:08:56.913] [renderer1] [error] An unknown error occurred. Please consult the log for more details.
[2021-01-28 23:08:59.298] [renderer1] [error] An unknown error occurred. Please consult the log for more details.
[2021-01-28 23:09:01.280] [renderer1] [error] An unknown error occurred. Please consult the log for more details.
[2021-01-28 23:09:03.490] [renderer1] [error] An unknown error occurred. Please consult the log for more details.
[2021-01-28 23:09:09.776] [renderer1] [error] An unknown error occurred. Please consult the log for more details.
[2021-01-28 23:09:14.099] [renderer1] [error] An unknown error occurred. Please consult the log for more details.
[2021-01-28 23:09:20.266] [renderer1] [error] An unknown error occurred. Please consult the log for more details.
[2021-01-28 23:09:22.355] [renderer1] [error] An unknown error occurred. Please consult the log for more details.
[2021-01-28 23:09:29.148] [renderer1] [error] An unknown error occurred. Please consult the log for more details.
[2021-01-28 23:09:30.590] [renderer1] [error] An unknown error occurred. Please consult the log for more details.
[2021-01-28 23:09:39.287] [renderer1] [error] An unknown error occurred. Please consult the log for more details.
[2021-01-28 23:09:45.817] [renderer1] [error] An unknown error occurred. Please consult the log for more details.
[2021-01-28 23:09:47.991] [renderer1] [error] An unknown error occurred. Please consult the log for more details.
[2021-01-28 23:09:54.348] [renderer1] [error] An unknown error occurred. Please consult the log for more details.
[2021-01-28 23:10:19.369] [renderer1] [error] An unknown error occurred. Please consult the log for more details.
[2021-01-28 23:10:21.535] [renderer1] [error] An unknown error occurred. Please consult the log for more details.
[2021-01-28 23:10:25.938] [renderer1] [error] An unknown error occurred. Please consult the log for more details.
[2021-01-28 23:10:32.975] [renderer1] [error] An unknown error occurred. Please consult the log for more details.
[2021-01-28 23:10:42.667] [renderer1] [error] An unknown error occurred. Please consult the log for more details.
[2021-01-28 23:10:46.859] [renderer1] [error] An unknown error occurred. Please consult the log for more details.
[2021-01-28 23:10:48.319] [renderer1] [error] An unknown error occurred. Please consult the log for more details.
[2021-01-28 23:10:51.106] [renderer1] [error] An unknown error occurred. Please consult the log for more details.
[2021-01-28 23:10:52.714] [renderer1] [error] write EPIPE: Error: Error making request to nvim_command
	at s.request (/home/dinskid/.vscode/extensions/vscodevim.vim-1.18.5/out/extension.js:1:159782)
	at s.command (/home/dinskid/.vscode/extensions/vscodevim.vim-1.18.5/out/extension.js:11:322899)
	at s.quit (/home/dinskid/.vscode/extensions/vscodevim.vim-1.18.5/out/extension.js:11:325239)
	at p.dispose (/home/dinskid/.vscode/extensions/vscodevim.vim-1.18.5/out/extension.js:11:230893)
	at p.dispose (/home/dinskid/.vscode/extensions/vscodevim.vim-1.18.5/out/extension.js:11:198377)
	at /home/dinskid/.vscode/extensions/vscodevim.vim-1.18.5/out/extension.js:11:186619
	at Array.map (<anonymous>)
	at F.dispose (/home/dinskid/.vscode/extensions/vscodevim.vim-1.18.5/out/extension.js:11:186610)
	at Object.delete (/home/dinskid/.vscode/extensions/vscodevim.vim-1.18.5/out/extension.js:9:219146)
	at /home/dinskid/.vscode/extensions/vscodevim.vim-1.18.5/out/extension.js:9:214216
	at /home/dinskid/.vscode/extensions/vscodevim.vim-1.18.5/out/extension.js:9:211866
	at l.fire (/snap/code/52/usr/share/code/resources/app/out/vs/workbench/services/extensions/node/extensionHostProcess.js:46:801)
	at /snap/code/52/usr/share/code/resources/app/out/vs/workbench/services/extensions/node/extensionHostProcess.js:733:739
	at l.fire (/snap/code/52/usr/share/code/resources/app/out/vs/workbench/services/extensions/node/extensionHostProcess.js:46:801)
	at b.acceptDocumentsAndEditorsDelta (/snap/code/52/usr/share/code/resources/app/out/vs/workbench/services/extensions/node/extensionHostProcess.js:738:600)
	at b.$acceptDocumentsAndEditorsDelta (/snap/code/52/usr/share/code/resources/app/out/vs/workbench/services/extensions/node/extensionHostProcess.js:736:848)
	at m._doInvokeHandler (/snap/code/52/usr/share/code/resources/app/out/vs/workbench/services/extensions/node/extensionHostProcess.js:892:926)
	at m._invokeHandler (/snap/code/52/usr/share/code/resources/app/out/vs/workbench/services/extensions/node/extensionHostProcess.js:892:618)
	at m._receiveRequest (/snap/code/52/usr/share/code/resources/app/out/vs/workbench/services/extensions/node/extensionHostProcess.js:891:252)
	at m._receiveOneMessage (/snap/code/52/usr/share/code/resources/app/out/vs/workbench/services/extensions/node/extensionHostProcess.js:890:6)
	at /snap/code/52/usr/share/code/resources/app/out/vs/workbench/services/extensions/node/extensionHostProcess.js:888:136
	at l.fire (/snap/code/52/usr/share/code/resources/app/out/vs/workbench/services/extensions/node/extensionHostProcess.js:46:801)
	at v.fire (/snap/code/52/usr/share/code/resources/app/out/vs/workbench/services/extensions/node/extensionHostProcess.js:233:787)
	at /snap/code/52/usr/share/code/resources/app/out/vs/workbench/services/extensions/node/extensionHostProcess.js:1094:104
	at l.fire (/snap/code/52/usr/share/code/resources/app/out/vs/workbench/services/extensions/node/extensionHostProcess.js:46:801)
	at v.fire (/snap/code/52/usr/share/code/resources/app/out/vs/workbench/services/extensions/node/extensionHostProcess.js:233:787)
	at t.PersistentProtocol._receiveMessage (/snap/code/52/usr/share/code/resources/app/out/vs/workbench/services/extensions/node/extensionHostProcess.js:238:1004)
	at /snap/code/52/usr/share/code/resources/app/out/vs/workbench/services/extensions/node/extensionHostProcess.js:235:927
	at l.fire (/snap/code/52/usr/share/code/resources/app/out/vs/workbench/services/extensions/node/extensionHostProcess.js:46:801)
	at p.acceptChunk (/snap/code/52/usr/share/code/resources/app/out/vs/workbench/services/extensions/node/extensionHostProcess.js:231:195)
	at /snap/code/52/usr/share/code/resources/app/out/vs/workbench/services/extensions/node/extensionHostProcess.js:230:547
	at Socket.t (/snap/code/52/usr/share/code/resources/app/out/vs/workbench/services/extensions/node/extensionHostProcess.js:240:822)
	at Socket.emit (events.js:223:5)
	at addChunk (_stream_readable.js:309:12)
	at readableAddChunk (_stream_readable.js:290:11)
	at Socket.Readable.push (_stream_readable.js:224:10)
	at Pipe.onStreamRead (internal/stream_base_commons.js:181:23)
