[2021-03-15 13:36:02.855] [renderer1] [error] Failed to execute git
[2021-03-15 13:36:48.955] [renderer1] [error] An unknown error occurred. Please consult the log for more details.
[2021-03-15 13:36:50.997] [renderer1] [error] An unknown error occurred. Please consult the log for more details.
[2021-03-15 13:36:55.495] [renderer1] [error] An unknown error occurred. Please consult the log for more details.
[2021-03-15 13:36:57.688] [renderer1] [error] An unknown error occurred. Please consult the log for more details.
[2021-03-15 13:37:17.157] [renderer1] [error] An unknown error occurred. Please consult the log for more details.
[2021-03-15 13:37:20.754] [renderer1] [error] An unknown error occurred. Please consult the log for more details.
[2021-03-15 13:37:43.836] [renderer1] [error] An unknown error occurred. Please consult the log for more details.
[2021-03-15 13:38:23.824] [renderer1] [error] An unknown error occurred. Please consult the log for more details.
[2021-03-15 13:38:30.930] [renderer1] [error] An unknown error occurred. Please consult the log for more details.
[2021-03-15 13:38:41.950] [renderer1] [error] An unknown error occurred. Please consult the log for more details.
[2021-03-15 13:38:45.239] [renderer1] [error] An unknown error occurred. Please consult the log for more details.
[2021-03-15 13:38:48.563] [renderer1] [error] An unknown error occurred. Please consult the log for more details.
[2021-03-15 13:38:50.539] [renderer1] [error] An unknown error occurred. Please consult the log for more details.
[2021-03-15 13:38:54.954] [renderer1] [error] An unknown error occurred. Please consult the log for more details.
[2021-03-15 13:39:22.377] [renderer1] [error] An unknown error occurred. Please consult the log for more details.
[2021-03-15 13:40:34.485] [renderer1] [error] An unknown error occurred. Please consult the log for more details.
[2021-03-15 13:40:38.630] [renderer1] [error] An unknown error occurred. Please consult the log for more details.
[2021-03-15 13:40:40.717] [renderer1] [error] An unknown error occurred. Please consult the log for more details.
[2021-03-15 13:41:02.112] [renderer1] [error] An unknown error occurred. Please consult the log for more details.
[2021-03-15 13:41:07.462] [renderer1] [error] An unknown error occurred. Please consult the log for more details.
[2021-03-15 13:41:16.006] [renderer1] [error] An unknown error occurred. Please consult the log for more details.
[2021-03-15 13:41:37.976] [renderer1] [error] An unknown error occurred. Please consult the log for more details.
[2021-03-15 13:41:47.224] [renderer1] [error] An unknown error occurred. Please consult the log for more details.
[2021-03-15 13:41:55.544] [renderer1] [error] An unknown error occurred. Please consult the log for more details.
[2021-03-15 13:42:00.869] [renderer1] [error] An unknown error occurred. Please consult the log for more details.
[2021-03-15 13:42:05.875] [renderer1] [error] An unknown error occurred. Please consult the log for more details.
[2021-03-15 13:42:11.876] [renderer1] [error] An unknown error occurred. Please consult the log for more details.
[2021-03-15 13:42:22.041] [renderer1] [error] An unknown error occurred. Please consult the log for more details.
[2021-03-15 13:42:28.173] [renderer1] [error] An unknown error occurred. Please consult the log for more details.
[2021-03-15 13:42:37.497] [renderer1] [error] An unknown error occurred. Please consult the log for more details.
[2021-03-15 13:42:57.973] [renderer1] [error] An unknown error occurred. Please consult the log for more details.
[2021-03-15 13:43:10.271] [renderer1] [error] An unknown error occurred. Please consult the log for more details.
[2021-03-15 13:43:19.605] [renderer1] [error] An unknown error occurred. Please consult the log for more details.
[2021-03-15 13:43:21.824] [renderer1] [error] An unknown error occurred. Please consult the log for more details.
[2021-03-15 13:43:27.220] [renderer1] [error] An unknown error occurred. Please consult the log for more details.
[2021-03-15 13:43:30.762] [renderer1] [error] An unknown error occurred. Please consult the log for more details.
[2021-03-15 13:43:34.259] [renderer1] [error] An unknown error occurred. Please consult the log for more details.
[2021-03-15 13:43:37.559] [renderer1] [error] An unknown error occurred. Please consult the log for more details.
[2021-03-15 13:43:39.582] [renderer1] [error] An unknown error occurred. Please consult the log for more details.
[2021-03-15 13:43:42.039] [renderer1] [error] An unknown error occurred. Please consult the log for more details.
[2021-03-15 13:43:47.636] [renderer1] [error] An unknown error occurred. Please consult the log for more details.
[2021-03-15 13:43:52.219] [renderer1] [error] An unknown error occurred. Please consult the log for more details.
[2021-03-15 13:43:56.425] [renderer1] [error] An unknown error occurred. Please consult the log for more details.
[2021-03-15 15:17:00.636] [renderer1] [error] An unknown error occurred. Please consult the log for more details.
[2021-03-15 15:17:12.722] [renderer1] [error] An unknown error occurred. Please consult the log for more details.
[2021-03-15 15:17:42.468] [renderer1] [error] An unknown error occurred. Please consult the log for more details.
[2021-03-15 15:17:44.570] [renderer1] [error] An unknown error occurred. Please consult the log for more details.
[2021-03-15 15:17:55.162] [renderer1] [error] An unknown error occurred. Please consult the log for more details.
[2021-03-15 15:19:12.939] [renderer1] [error] An unknown error occurred. Please consult the log for more details.
[2021-03-15 15:19:24.348] [renderer1] [error] An unknown error occurred. Please consult the log for more details.
[2021-03-15 15:19:43.385] [renderer1] [error] An unknown error occurred. Please consult the log for more details.
[2021-03-15 15:19:46.140] [renderer1] [error] Unexpected: The specified task is missing an execution: Error: Unexpected: The specified task is missing an execution
	at S.getTaskExecution (/usr/share/code/resources/app/out/vs/workbench/services/extensions/node/extensionHostProcess.js:90:48749)
	at S.$onDidStartTaskProcess (/usr/share/code/resources/app/out/vs/workbench/services/extensions/node/extensionHostProcess.js:90:46905)
	at c._doInvokeHandler (/usr/share/code/resources/app/out/vs/workbench/services/extensions/node/extensionHostProcess.js:90:10509)
	at c._invokeHandler (/usr/share/code/resources/app/out/vs/workbench/services/extensions/node/extensionHostProcess.js:90:10201)
	at c._receiveRequest (/usr/share/code/resources/app/out/vs/workbench/services/extensions/node/extensionHostProcess.js:90:8871)
	at c._receiveOneMessage (/usr/share/code/resources/app/out/vs/workbench/services/extensions/node/extensionHostProcess.js:90:7673)
	at /usr/share/code/resources/app/out/vs/workbench/services/extensions/node/extensionHostProcess.js:90:5782
	at g.fire (/usr/share/code/resources/app/out/vs/workbench/services/extensions/node/extensionHostProcess.js:57:1836)
	at p.fire (/usr/share/code/resources/app/out/vs/workbench/services/extensions/node/extensionHostProcess.js:65:15443)
	at /usr/share/code/resources/app/out/vs/workbench/services/extensions/node/extensionHostProcess.js:106:29119
	at g.fire (/usr/share/code/resources/app/out/vs/workbench/services/extensions/node/extensionHostProcess.js:57:1836)
	at p.fire (/usr/share/code/resources/app/out/vs/workbench/services/extensions/node/extensionHostProcess.js:65:15443)
	at t._receiveMessage (/usr/share/code/resources/app/out/vs/workbench/services/extensions/node/extensionHostProcess.js:65:20693)
	at /usr/share/code/resources/app/out/vs/workbench/services/extensions/node/extensionHostProcess.js:65:17587
	at g.fire (/usr/share/code/resources/app/out/vs/workbench/services/extensions/node/extensionHostProcess.js:57:1836)
	at l.acceptChunk (/usr/share/code/resources/app/out/vs/workbench/services/extensions/node/extensionHostProcess.js:65:12808)
	at /usr/share/code/resources/app/out/vs/workbench/services/extensions/node/extensionHostProcess.js:65:12156
	at Socket.E (/usr/share/code/resources/app/out/vs/workbench/services/extensions/node/extensionHostProcess.js:106:12375)
	at Socket.emit (events.js:315:20)
	at addChunk (_stream_readable.js:295:12)
	at readableAddChunk (_stream_readable.js:271:9)
	at Socket.Readable.push (_stream_readable.js:212:10)
	at Pipe.onStreamRead (internal/stream_base_commons.js:186:23)
[2021-03-15 15:19:48.300] [renderer1] [error] Unexpected: The specified task is missing an execution: Error: Unexpected: The specified task is missing an execution
	at S.getTaskExecution (/usr/share/code/resources/app/out/vs/workbench/services/extensions/node/extensionHostProcess.js:90:48749)
	at S.$onDidEndTaskProcess (/usr/share/code/resources/app/out/vs/workbench/services/extensions/node/extensionHostProcess.js:90:47116)
	at c._doInvokeHandler (/usr/share/code/resources/app/out/vs/workbench/services/extensions/node/extensionHostProcess.js:90:10509)
	at c._invokeHandler (/usr/share/code/resources/app/out/vs/workbench/services/extensions/node/extensionHostProcess.js:90:10201)
	at c._receiveRequest (/usr/share/code/resources/app/out/vs/workbench/services/extensions/node/extensionHostProcess.js:90:8871)
	at c._receiveOneMessage (/usr/share/code/resources/app/out/vs/workbench/services/extensions/node/extensionHostProcess.js:90:7673)
	at /usr/share/code/resources/app/out/vs/workbench/services/extensions/node/extensionHostProcess.js:90:5782
	at g.fire (/usr/share/code/resources/app/out/vs/workbench/services/extensions/node/extensionHostProcess.js:57:1836)
	at p.fire (/usr/share/code/resources/app/out/vs/workbench/services/extensions/node/extensionHostProcess.js:65:15443)
	at /usr/share/code/resources/app/out/vs/workbench/services/extensions/node/extensionHostProcess.js:106:29119
	at g.fire (/usr/share/code/resources/app/out/vs/workbench/services/extensions/node/extensionHostProcess.js:57:1836)
	at p.fire (/usr/share/code/resources/app/out/vs/workbench/services/extensions/node/extensionHostProcess.js:65:15443)
	at t._receiveMessage (/usr/share/code/resources/app/out/vs/workbench/services/extensions/node/extensionHostProcess.js:65:20693)
	at /usr/share/code/resources/app/out/vs/workbench/services/extensions/node/extensionHostProcess.js:65:17587
	at g.fire (/usr/share/code/resources/app/out/vs/workbench/services/extensions/node/extensionHostProcess.js:57:1836)
	at l.acceptChunk (/usr/share/code/resources/app/out/vs/workbench/services/extensions/node/extensionHostProcess.js:65:12808)
	at /usr/share/code/resources/app/out/vs/workbench/services/extensions/node/extensionHostProcess.js:65:12156
	at Socket.E (/usr/share/code/resources/app/out/vs/workbench/services/extensions/node/extensionHostProcess.js:106:12375)
	at Socket.emit (events.js:315:20)
	at addChunk (_stream_readable.js:295:12)
	at readableAddChunk (_stream_readable.js:271:9)
	at Socket.Readable.push (_stream_readable.js:212:10)
	at Pipe.onStreamRead (internal/stream_base_commons.js:186:23)
[2021-03-15 15:19:56.039] [renderer1] [error] An unknown error occurred. Please consult the log for more details.
[2021-03-15 15:20:21.564] [renderer1] [error] An unknown error occurred. Please consult the log for more details.
[2021-03-15 15:20:55.630] [renderer1] [error] An unknown error occurred. Please consult the log for more details.
[2021-03-15 15:21:00.669] [renderer1] [error] An unknown error occurred. Please consult the log for more details.
[2021-03-15 15:21:29.194] [renderer1] [error] An unknown error occurred. Please consult the log for more details.
[2021-03-15 15:21:31.686] [renderer1] [error] An unknown error occurred. Please consult the log for more details.
[2021-03-15 15:21:48.993] [renderer1] [error] An unknown error occurred. Please consult the log for more details.
[2021-03-15 15:22:33.449] [renderer1] [error] An unknown error occurred. Please consult the log for more details.
[2021-03-15 15:23:51.356] [renderer1] [error] An unknown error occurred. Please consult the log for more details.
[2021-03-15 15:23:53.645] [renderer1] [error] An unknown error occurred. Please consult the log for more details.
[2021-03-15 15:23:56.593] [renderer1] [error] An unknown error occurred. Please consult the log for more details.
[2021-03-15 15:24:09.198] [renderer1] [error] An unknown error occurred. Please consult the log for more details.
[2021-03-15 15:24:34.902] [renderer1] [error] An unknown error occurred. Please consult the log for more details.
[2021-03-15 15:24:38.591] [renderer1] [error] An unknown error occurred. Please consult the log for more details.
[2021-03-15 15:24:51.625] [renderer1] [error] An unknown error occurred. Please consult the log for more details.
[2021-03-15 15:25:33.230] [renderer1] [error] An unknown error occurred. Please consult the log for more details.
[2021-03-15 15:26:30.361] [renderer1] [error] An unknown error occurred. Please consult the log for more details.
[2021-03-15 15:27:26.907] [renderer1] [error] An unknown error occurred. Please consult the log for more details.
[2021-03-15 15:27:28.967] [renderer1] [error] An unknown error occurred. Please consult the log for more details.
[2021-03-15 15:27:31.129] [renderer1] [error] An unknown error occurred. Please consult the log for more details.
[2021-03-15 15:27:50.669] [renderer1] [error] An unknown error occurred. Please consult the log for more details.
[2021-03-15 15:27:52.925] [renderer1] [error] An unknown error occurred. Please consult the log for more details.
[2021-03-15 15:27:55.363] [renderer1] [error] An unknown error occurred. Please consult the log for more details.
[2021-03-15 15:27:57.410] [renderer1] [error] An unknown error occurred. Please consult the log for more details.
[2021-03-15 15:28:39.723] [renderer1] [error] An unknown error occurred. Please consult the log for more details.
[2021-03-15 15:28:44.162] [renderer1] [error] An unknown error occurred. Please consult the log for more details.
[2021-03-15 15:28:54.523] [renderer1] [error] An unknown error occurred. Please consult the log for more details.
[2021-03-15 15:29:03.627] [renderer1] [error] An unknown error occurred. Please consult the log for more details.
[2021-03-15 15:29:09.396] [renderer1] [error] An unknown error occurred. Please consult the log for more details.
[2021-03-15 15:29:11.692] [renderer1] [error] An unknown error occurred. Please consult the log for more details.
[2021-03-15 15:29:19.470] [renderer1] [error] An unknown error occurred. Please consult the log for more details.
[2021-03-15 15:29:21.405] [renderer1] [error] Unexpected: The specified task is missing an execution: Error: Unexpected: The specified task is missing an execution
	at S.getTaskExecution (/usr/share/code/resources/app/out/vs/workbench/services/extensions/node/extensionHostProcess.js:90:48749)
	at S.$onDidStartTaskProcess (/usr/share/code/resources/app/out/vs/workbench/services/extensions/node/extensionHostProcess.js:90:46905)
	at c._doInvokeHandler (/usr/share/code/resources/app/out/vs/workbench/services/extensions/node/extensionHostProcess.js:90:10509)
	at c._invokeHandler (/usr/share/code/resources/app/out/vs/workbench/services/extensions/node/extensionHostProcess.js:90:10201)
	at c._receiveRequest (/usr/share/code/resources/app/out/vs/workbench/services/extensions/node/extensionHostProcess.js:90:8871)
	at c._receiveOneMessage (/usr/share/code/resources/app/out/vs/workbench/services/extensions/node/extensionHostProcess.js:90:7673)
	at /usr/share/code/resources/app/out/vs/workbench/services/extensions/node/extensionHostProcess.js:90:5782
	at g.fire (/usr/share/code/resources/app/out/vs/workbench/services/extensions/node/extensionHostProcess.js:57:1836)
	at p.fire (/usr/share/code/resources/app/out/vs/workbench/services/extensions/node/extensionHostProcess.js:65:15443)
	at /usr/share/code/resources/app/out/vs/workbench/services/extensions/node/extensionHostProcess.js:106:29119
	at g.fire (/usr/share/code/resources/app/out/vs/workbench/services/extensions/node/extensionHostProcess.js:57:1836)
	at p.fire (/usr/share/code/resources/app/out/vs/workbench/services/extensions/node/extensionHostProcess.js:65:15443)
	at t._receiveMessage (/usr/share/code/resources/app/out/vs/workbench/services/extensions/node/extensionHostProcess.js:65:20693)
	at /usr/share/code/resources/app/out/vs/workbench/services/extensions/node/extensionHostProcess.js:65:17587
	at g.fire (/usr/share/code/resources/app/out/vs/workbench/services/extensions/node/extensionHostProcess.js:57:1836)
	at l.acceptChunk (/usr/share/code/resources/app/out/vs/workbench/services/extensions/node/extensionHostProcess.js:65:12808)
	at /usr/share/code/resources/app/out/vs/workbench/services/extensions/node/extensionHostProcess.js:65:12156
	at Socket.E (/usr/share/code/resources/app/out/vs/workbench/services/extensions/node/extensionHostProcess.js:106:12375)
	at Socket.emit (events.js:315:20)
	at addChunk (_stream_readable.js:295:12)
	at readableAddChunk (_stream_readable.js:271:9)
	at Socket.Readable.push (_stream_readable.js:212:10)
	at Pipe.onStreamRead (internal/stream_base_commons.js:186:23)
[2021-03-15 15:29:26.244] [renderer1] [error] Unexpected: The specified task is missing an execution: Error: Unexpected: The specified task is missing an execution
	at S.getTaskExecution (/usr/share/code/resources/app/out/vs/workbench/services/extensions/node/extensionHostProcess.js:90:48749)
	at S.$onDidEndTaskProcess (/usr/share/code/resources/app/out/vs/workbench/services/extensions/node/extensionHostProcess.js:90:47116)
	at c._doInvokeHandler (/usr/share/code/resources/app/out/vs/workbench/services/extensions/node/extensionHostProcess.js:90:10509)
	at c._invokeHandler (/usr/share/code/resources/app/out/vs/workbench/services/extensions/node/extensionHostProcess.js:90:10201)
	at c._receiveRequest (/usr/share/code/resources/app/out/vs/workbench/services/extensions/node/extensionHostProcess.js:90:8871)
	at c._receiveOneMessage (/usr/share/code/resources/app/out/vs/workbench/services/extensions/node/extensionHostProcess.js:90:7673)
	at /usr/share/code/resources/app/out/vs/workbench/services/extensions/node/extensionHostProcess.js:90:5782
	at g.fire (/usr/share/code/resources/app/out/vs/workbench/services/extensions/node/extensionHostProcess.js:57:1836)
	at p.fire (/usr/share/code/resources/app/out/vs/workbench/services/extensions/node/extensionHostProcess.js:65:15443)
	at /usr/share/code/resources/app/out/vs/workbench/services/extensions/node/extensionHostProcess.js:106:29119
	at g.fire (/usr/share/code/resources/app/out/vs/workbench/services/extensions/node/extensionHostProcess.js:57:1836)
	at p.fire (/usr/share/code/resources/app/out/vs/workbench/services/extensions/node/extensionHostProcess.js:65:15443)
	at t._receiveMessage (/usr/share/code/resources/app/out/vs/workbench/services/extensions/node/extensionHostProcess.js:65:20693)
	at /usr/share/code/resources/app/out/vs/workbench/services/extensions/node/extensionHostProcess.js:65:17587
	at g.fire (/usr/share/code/resources/app/out/vs/workbench/services/extensions/node/extensionHostProcess.js:57:1836)
	at l.acceptChunk (/usr/share/code/resources/app/out/vs/workbench/services/extensions/node/extensionHostProcess.js:65:12808)
	at /usr/share/code/resources/app/out/vs/workbench/services/extensions/node/extensionHostProcess.js:65:12156
	at Socket.E (/usr/share/code/resources/app/out/vs/workbench/services/extensions/node/extensionHostProcess.js:106:12375)
	at Socket.emit (events.js:315:20)
	at addChunk (_stream_readable.js:295:12)
	at readableAddChunk (_stream_readable.js:271:9)
	at Socket.Readable.push (_stream_readable.js:212:10)
	at Pipe.onStreamRead (internal/stream_base_commons.js:186:23)
[2021-03-15 15:30:07.984] [renderer1] [error] An unknown error occurred. Please consult the log for more details.
[2021-03-15 15:30:23.732] [renderer1] [error] An unknown error occurred. Please consult the log for more details.
[2021-03-15 15:30:25.778] [renderer1] [error] An unknown error occurred. Please consult the log for more details.
[2021-03-15 15:30:29.866] [renderer1] [error] An unknown error occurred. Please consult the log for more details.
[2021-03-15 15:30:32.254] [renderer1] [error] An unknown error occurred. Please consult the log for more details.
[2021-03-15 15:30:47.078] [renderer1] [error] An unknown error occurred. Please consult the log for more details.
[2021-03-15 15:31:23.140] [renderer1] [error] An unknown error occurred. Please consult the log for more details.
[2021-03-15 15:31:42.656] [renderer1] [error] An unknown error occurred. Please consult the log for more details.
[2021-03-15 15:31:49.523] [renderer1] [error] An unknown error occurred. Please consult the log for more details.
[2021-03-15 15:31:57.155] [renderer1] [error] An unknown error occurred. Please consult the log for more details.
[2021-03-15 15:32:01.628] [renderer1] [error] An unknown error occurred. Please consult the log for more details.
[2021-03-15 15:33:32.595] [renderer1] [error] An unknown error occurred. Please consult the log for more details.
[2021-03-15 15:33:37.124] [renderer1] [error] An unknown error occurred. Please consult the log for more details.
[2021-03-15 15:34:16.980] [renderer1] [error] An unknown error occurred. Please consult the log for more details.
[2021-03-15 15:35:18.242] [renderer1] [error] An unknown error occurred. Please consult the log for more details.
[2021-03-15 15:35:24.303] [renderer1] [error] An unknown error occurred. Please consult the log for more details.
[2021-03-15 15:35:30.547] [renderer1] [error] An unknown error occurred. Please consult the log for more details.
[2021-03-15 15:35:34.748] [renderer1] [error] An unknown error occurred. Please consult the log for more details.
[2021-03-15 15:35:37.392] [renderer1] [error] An unknown error occurred. Please consult the log for more details.
[2021-03-15 15:35:45.535] [renderer1] [error] An unknown error occurred. Please consult the log for more details.
[2021-03-15 15:40:27.134] [renderer1] [error] An unknown error occurred. Please consult the log for more details.
[2021-03-15 15:40:32.125] [renderer1] [error] An unknown error occurred. Please consult the log for more details.
[2021-03-15 15:40:41.325] [renderer1] [error] An unknown error occurred. Please consult the log for more details.
[2021-03-15 15:40:55.262] [renderer1] [error] An unknown error occurred. Please consult the log for more details.
[2021-03-15 15:41:01.825] [renderer1] [error] An unknown error occurred. Please consult the log for more details.
[2021-03-15 15:41:15.456] [renderer1] [error] An unknown error occurred. Please consult the log for more details.
[2021-03-15 15:41:17.902] [renderer1] [error] An unknown error occurred. Please consult the log for more details.
[2021-03-15 15:41:22.028] [renderer1] [error] An unknown error occurred. Please consult the log for more details.
[2021-03-15 15:41:28.271] [renderer1] [error] An unknown error occurred. Please consult the log for more details.
[2021-03-15 15:41:34.541] [renderer1] [error] An unknown error occurred. Please consult the log for more details.
[2021-03-15 15:41:58.831] [renderer1] [error] An unknown error occurred. Please consult the log for more details.
