[2021-03-11 02:33:10.051] [exthost] [info] extension host started
[2021-03-11 02:33:10.330] [exthost] [info] ExtensionService#_doActivateExtension vscode.microsoft-authentication {"startup":false,"extensionId":{"value":"vscode.microsoft-authentication","_lower":"vscode.microsoft-authentication"},"activationEvent":"onAuthenticationRequest:microsoft"}
[2021-03-11 02:33:10.330] [exthost] [info] ExtensionService#loadCommonJSModule file:///usr/share/code/resources/app/extensions/microsoft-authentication/dist/extension.js
[2021-03-11 02:33:10.339] [exthost] [info] ExtensionService#_doActivateExtension ms-vscode.cpptools {"startup":false,"extensionId":{"value":"ms-vscode.cpptools","_lower":"ms-vscode.cpptools"},"activationEvent":"onLanguage:cpp"}
[2021-03-11 02:33:10.339] [exthost] [info] ExtensionService#loadCommonJSModule file:///home/dinskid/.vscode/extensions/ms-vscode.cpptools-1.2.2/dist/main
[2021-03-11 02:33:10.435] [exthost] [info] ExtensionService#_doActivateExtension vscode.debug-auto-launch {"startup":true,"extensionId":{"value":"vscode.debug-auto-launch","_lower":"vscode.debug-auto-launch"},"activationEvent":"*"}
[2021-03-11 02:33:10.435] [exthost] [info] ExtensionService#loadCommonJSModule file:///usr/share/code/resources/app/extensions/debug-auto-launch/dist/extension
[2021-03-11 02:33:10.439] [exthost] [info] ExtensionService#_doActivateExtension vscode.git {"startup":true,"extensionId":{"value":"vscode.github","_lower":"vscode.github"},"activationEvent":"*"}
[2021-03-11 02:33:10.439] [exthost] [info] ExtensionService#loadCommonJSModule file:///usr/share/code/resources/app/extensions/git/dist/main
[2021-03-11 02:33:10.455] [exthost] [info] ExtensionService#_doActivateExtension ms-vsliveshare.vsliveshare {"startup":true,"extensionId":{"value":"ms-vsliveshare.vsliveshare","_lower":"ms-vsliveshare.vsliveshare"},"activationEvent":"*"}
[2021-03-11 02:33:10.455] [exthost] [info] ExtensionService#loadCommonJSModule file:///home/dinskid/.vscode/extensions/ms-vsliveshare.vsliveshare-1.0.3912/out/prod/extension-prod
[2021-03-11 02:33:10.768] [exthost] [info] ExtensionService#_doActivateExtension vscodevim.vim {"startup":true,"extensionId":{"value":"vscodevim.vim","_lower":"vscodevim.vim"},"activationEvent":"*"}
[2021-03-11 02:33:10.768] [exthost] [info] ExtensionService#loadCommonJSModule file:///home/dinskid/.vscode/extensions/vscodevim.vim-1.18.9/out/extension
[2021-03-11 02:33:11.174] [exthost] [info] ExtensionService#_doActivateExtension ms-vscode.js-debug {"startup":false,"extensionId":{"value":"ms-vscode.js-debug","_lower":"ms-vscode.js-debug"},"activationEvent":"onCommand:extension.js-debug.clearAutoAttachVariables"}
[2021-03-11 02:33:11.174] [exthost] [info] ExtensionService#loadCommonJSModule file:///usr/share/code/resources/app/extensions/ms-vscode.js-debug/src/extension.js
[2021-03-11 02:33:11.244] [exthost] [info] ExtensionService#_doActivateExtension vscode.github {"startup":false,"extensionId":{"value":"vscode.github","_lower":"vscode.github"},"activationEvent":"*"}
[2021-03-11 02:33:11.244] [exthost] [info] ExtensionService#loadCommonJSModule file:///usr/share/code/resources/app/extensions/github/dist/extension.js
[2021-03-11 02:33:11.331] [exthost] [info] ExtensionService#_doActivateExtension vscode.github-authentication {"startup":false,"extensionId":{"value":"vscode.github-authentication","_lower":"vscode.github-authentication"},"activationEvent":"onAuthenticationRequest:github"}
[2021-03-11 02:33:11.331] [exthost] [info] ExtensionService#loadCommonJSModule file:///usr/share/code/resources/app/extensions/github-authentication/dist/extension.js
[2021-03-11 02:33:12.936] [exthost] [info] eager extensions activated
[2021-03-11 02:33:12.951] [exthost] [info] ExtensionService#_doActivateExtension vscode.emmet {"startup":false,"extensionId":{"value":"vscode.emmet","_lower":"vscode.emmet"},"activationEvent":"onStartupFinished"}
[2021-03-11 02:33:12.951] [exthost] [info] ExtensionService#loadCommonJSModule file:///usr/share/code/resources/app/extensions/emmet/dist/node/emmetNodeMain
[2021-03-11 02:33:12.961] [exthost] [info] ExtensionService#_doActivateExtension vscode.merge-conflict {"startup":false,"extensionId":{"value":"vscode.merge-conflict","_lower":"vscode.merge-conflict"},"activationEvent":"onStartupFinished"}
[2021-03-11 02:33:12.961] [exthost] [info] ExtensionService#loadCommonJSModule file:///usr/share/code/resources/app/extensions/merge-conflict/dist/mergeConflictMain
[2021-03-11 02:33:12.964] [exthost] [info] ExtensionService#_doActivateExtension vscode.testing-editor-contributions {"startup":false,"extensionId":{"value":"vscode.testing-editor-contributions","_lower":"vscode.testing-editor-contributions"},"activationEvent":"onStartupFinished"}
[2021-03-11 02:33:12.964] [exthost] [info] ExtensionService#loadCommonJSModule file:///usr/share/code/resources/app/extensions/testing-editor-contributions/dist/extension.js
[2021-03-11 02:33:33.762] [exthost] [error] [ms-vscode.cpptools] provider FAILED
[2021-03-11 02:33:33.762] [exthost] [error] undefined
[2021-03-11 02:33:42.180] [exthost] [error] [ms-vscode.cpptools] provider FAILED
[2021-03-11 02:33:42.180] [exthost] [error] undefined
[2021-03-11 02:33:55.129] [exthost] [error] [ms-vscode.cpptools] provider FAILED
[2021-03-11 02:33:55.129] [exthost] [error] undefined
[2021-03-11 02:33:57.159] [exthost] [error] [ms-vscode.cpptools] provider FAILED
[2021-03-11 02:33:57.159] [exthost] [error] undefined
[2021-03-11 02:34:05.229] [exthost] [error] [ms-vscode.cpptools] provider FAILED
[2021-03-11 02:34:05.229] [exthost] [error] undefined
[2021-03-11 02:34:07.806] [exthost] [error] [ms-vscode.cpptools] provider FAILED
[2021-03-11 02:34:07.806] [exthost] [error] undefined
[2021-03-11 02:34:10.118] [exthost] [error] [ms-vscode.cpptools] provider FAILED
[2021-03-11 02:34:10.118] [exthost] [error] undefined
[2021-03-11 02:34:31.855] [exthost] [error] [ms-vscode.cpptools] provider FAILED
[2021-03-11 02:34:31.855] [exthost] [error] undefined
[2021-03-11 02:34:39.845] [exthost] [error] [ms-vscode.cpptools] provider FAILED
[2021-03-11 02:34:39.845] [exthost] [error] undefined
[2021-03-11 02:34:46.705] [exthost] [error] [ms-vscode.cpptools] provider FAILED
[2021-03-11 02:34:46.705] [exthost] [error] undefined
[2021-03-11 02:34:55.860] [exthost] [error] [ms-vscode.cpptools] provider FAILED
[2021-03-11 02:34:55.860] [exthost] [error] undefined
[2021-03-11 02:35:45.210] [exthost] [error] [ms-vscode.cpptools] provider FAILED
[2021-03-11 02:35:45.210] [exthost] [error] undefined
[2021-03-11 02:35:49.528] [exthost] [error] [ms-vscode.cpptools] provider FAILED
[2021-03-11 02:35:49.528] [exthost] [error] undefined
[2021-03-11 02:35:55.179] [exthost] [error] [ms-vscode.cpptools] provider FAILED
[2021-03-11 02:35:55.179] [exthost] [error] undefined
[2021-03-11 02:37:08.884] [exthost] [error] [ms-vscode.cpptools] provider FAILED
[2021-03-11 02:37:08.884] [exthost] [error] undefined
[2021-03-11 02:37:12.300] [exthost] [error] [ms-vscode.cpptools] provider FAILED
[2021-03-11 02:37:12.300] [exthost] [error] undefined
[2021-03-11 02:37:16.130] [exthost] [error] [ms-vscode.cpptools] provider FAILED
[2021-03-11 02:37:16.131] [exthost] [error] undefined
[2021-03-11 02:37:20.213] [exthost] [error] [ms-vscode.cpptools] provider FAILED
[2021-03-11 02:37:20.213] [exthost] [error] undefined
[2021-03-11 02:37:26.651] [exthost] [error] [ms-vscode.cpptools] provider FAILED
[2021-03-11 02:37:26.651] [exthost] [error] undefined
[2021-03-11 02:37:30.839] [exthost] [error] [ms-vscode.cpptools] provider FAILED
[2021-03-11 02:37:30.839] [exthost] [error] undefined
[2021-03-11 02:37:53.748] [exthost] [error] [ms-vscode.cpptools] provider FAILED
[2021-03-11 02:37:53.748] [exthost] [error] undefined
[2021-03-11 02:37:58.938] [exthost] [error] [ms-vscode.cpptools] provider FAILED
[2021-03-11 02:37:58.938] [exthost] [error] undefined
[2021-03-11 02:38:04.052] [exthost] [error] [ms-vscode.cpptools] provider FAILED
[2021-03-11 02:38:04.052] [exthost] [error] undefined
[2021-03-11 02:38:11.604] [exthost] [error] [ms-vscode.cpptools] provider FAILED
[2021-03-11 02:38:11.604] [exthost] [error] undefined
[2021-03-11 02:38:18.799] [exthost] [error] [ms-vscode.cpptools] provider FAILED
[2021-03-11 02:38:18.799] [exthost] [error] undefined
[2021-03-11 02:38:23.312] [exthost] [error] [ms-vscode.cpptools] provider FAILED
[2021-03-11 02:38:23.312] [exthost] [error] undefined
[2021-03-11 02:38:29.838] [exthost] [error] [ms-vscode.cpptools] provider FAILED
[2021-03-11 02:38:29.838] [exthost] [error] undefined
[2021-03-11 02:38:35.174] [exthost] [info] ExtensionService#_doActivateExtension vscode.grunt {"startup":false,"extensionId":{"value":"vscode.grunt","_lower":"vscode.grunt"},"activationEvent":"onCommand:workbench.action.tasks.runTask"}
[2021-03-11 02:38:35.176] [exthost] [info] ExtensionService#loadCommonJSModule file:///usr/share/code/resources/app/extensions/grunt/dist/main
[2021-03-11 02:38:35.207] [exthost] [info] ExtensionService#_doActivateExtension vscode.gulp {"startup":false,"extensionId":{"value":"vscode.gulp","_lower":"vscode.gulp"},"activationEvent":"onCommand:workbench.action.tasks.runTask"}
[2021-03-11 02:38:35.207] [exthost] [info] ExtensionService#loadCommonJSModule file:///usr/share/code/resources/app/extensions/gulp/dist/main
[2021-03-11 02:38:35.213] [exthost] [info] ExtensionService#_doActivateExtension vscode.jake {"startup":false,"extensionId":{"value":"vscode.jake","_lower":"vscode.jake"},"activationEvent":"onCommand:workbench.action.tasks.runTask"}
[2021-03-11 02:38:35.213] [exthost] [info] ExtensionService#loadCommonJSModule file:///usr/share/code/resources/app/extensions/jake/dist/main
[2021-03-11 02:38:35.218] [exthost] [info] ExtensionService#_doActivateExtension vscode.npm {"startup":false,"extensionId":{"value":"vscode.npm","_lower":"vscode.npm"},"activationEvent":"onCommand:workbench.action.tasks.runTask"}
[2021-03-11 02:38:35.218] [exthost] [info] ExtensionService#loadCommonJSModule file:///usr/share/code/resources/app/extensions/npm/dist/npmMain
[2021-03-11 02:38:35.238] [exthost] [info] ExtensionService#_doActivateExtension vscode.typescript-language-features {"startup":false,"extensionId":{"value":"vscode.typescript-language-features","_lower":"vscode.typescript-language-features"},"activationEvent":"onCommand:workbench.action.tasks.runTask"}
[2021-03-11 02:38:35.238] [exthost] [info] ExtensionService#loadCommonJSModule file:///usr/share/code/resources/app/extensions/typescript-language-features/dist/extension
[2021-03-11 02:39:00.547] [exthost] [error] [ms-vscode.cpptools] provider FAILED
[2021-03-11 02:39:00.547] [exthost] [error] undefined
[2021-03-11 02:39:11.867] [exthost] [error] [ms-vscode.cpptools] provider FAILED
[2021-03-11 02:39:11.867] [exthost] [error] undefined
[2021-03-11 02:39:52.361] [exthost] [error] [ms-vscode.cpptools] provider FAILED
[2021-03-11 02:39:52.361] [exthost] [error] undefined
[2021-03-11 02:41:01.322] [exthost] [error] [ms-vscode.cpptools] provider FAILED
[2021-03-11 02:41:01.322] [exthost] [error] undefined
[2021-03-11 02:41:12.465] [exthost] [error] [ms-vscode.cpptools] provider FAILED
[2021-03-11 02:41:12.465] [exthost] [error] undefined
[2021-03-11 02:41:20.960] [exthost] [error] [ms-vscode.cpptools] provider FAILED
[2021-03-11 02:41:20.960] [exthost] [error] undefined
[2021-03-11 02:41:38.048] [exthost] [error] [ms-vscode.cpptools] provider FAILED
[2021-03-11 02:41:38.048] [exthost] [error] undefined
[2021-03-11 02:41:46.569] [exthost] [error] [ms-vscode.cpptools] provider FAILED
[2021-03-11 02:41:46.569] [exthost] [error] undefined
[2021-03-11 02:42:20.136] [exthost] [error] [ms-vscode.cpptools] provider FAILED
[2021-03-11 02:42:20.136] [exthost] [error] undefined
[2021-03-11 02:43:00.006] [exthost] [error] [ms-vscode.cpptools] provider FAILED
[2021-03-11 02:43:00.006] [exthost] [error] undefined
[2021-03-11 02:43:14.442] [exthost] [error] [ms-vscode.cpptools] provider FAILED
[2021-03-11 02:43:14.442] [exthost] [error] undefined
[2021-03-11 02:50:32.310] [exthost] [error] [ms-vscode.cpptools] provider FAILED
[2021-03-11 02:50:32.310] [exthost] [error] undefined
[2021-03-11 02:50:42.066] [exthost] [error] [ms-vscode.cpptools] provider FAILED
[2021-03-11 02:50:42.066] [exthost] [error] undefined
[2021-03-11 03:01:27.708] [exthost] [info] extension host terminating: received terminate message from renderer
[2021-03-11 03:01:28.745] [exthost] [info] exiting with code 0
