[2021-03-10 21:55:47.612] [settingssync] [info] Using settings sync service https://vscode-sync.trafficmanager.net/
[2021-03-10 21:55:47.612] [settingssync] [info] Auto Sync is enabled.
[2021-03-10 21:55:47.612] [settingssync] [info] Auto Sync: Suspended until auth token is available.
[2021-03-10 21:55:49.352] [settingssync] [info] Auto Sync: Started
[2021-03-10 21:55:49.352] [settingssync] [info] Auto Sync: Triggered by Interval
[2021-03-10 21:55:49.703] [settingssync] [info] Settings: No changes found during synchronizing settings.
[2021-03-10 21:55:49.732] [settingssync] [info] Keybindings: No changes found during synchronizing keybindings.
[2021-03-10 21:55:49.773] [settingssync] [info] Snippets: No changes found during synchronizing snippets.
[2021-03-10 21:55:49.816] [settingssync] [info] GlobalState: No changes found during synchronizing ui state.
[2021-03-10 21:55:49.944] [settingssync] [info] Extensions: No changes found during synchronizing extensions.
[2021-03-10 21:55:49.945] [settingssync] [info] Sync done. Took 357ms
[2021-03-10 21:55:50.538] [settingssync] [info] Auto Sync: Triggered by Activity
[2021-03-10 21:55:50.605] [settingssync] [info] Settings: No changes found during synchronizing settings.
[2021-03-10 21:55:50.609] [settingssync] [info] Keybindings: No changes found during synchronizing keybindings.
[2021-03-10 21:55:50.613] [settingssync] [info] Snippets: No changes found during synchronizing snippets.
[2021-03-10 21:55:50.622] [settingssync] [info] GlobalState: No changes found during synchronizing ui state.
[2021-03-10 21:55:50.686] [settingssync] [info] Extensions: No changes found during synchronizing extensions.
[2021-03-10 21:55:50.687] [settingssync] [info] Sync done. Took 97ms
[2021-03-10 21:56:08.756] [settingssync] [info] Auto Sync: Triggered by Activity
[2021-03-10 21:56:08.839] [settingssync] [info] Settings: No changes found during synchronizing settings.
[2021-03-10 21:56:08.841] [settingssync] [info] Keybindings: No changes found during synchronizing keybindings.
[2021-03-10 21:56:08.846] [settingssync] [info] Snippets: No changes found during synchronizing snippets.
[2021-03-10 21:56:08.863] [settingssync] [info] GlobalState: No changes found during synchronizing ui state.
[2021-03-10 21:56:08.927] [settingssync] [info] Extensions: No changes found during synchronizing extensions.
[2021-03-10 21:56:08.935] [settingssync] [info] Sync done. Took 110ms
[2021-03-10 21:57:12.953] [settingssync] [info] Auto Sync: Triggered by Activity
[2021-03-10 21:57:13.044] [settingssync] [info] Settings: No changes found during synchronizing settings.
[2021-03-10 21:57:13.048] [settingssync] [info] Keybindings: No changes found during synchronizing keybindings.
[2021-03-10 21:57:13.052] [settingssync] [info] Snippets: No changes found during synchronizing snippets.
[2021-03-10 21:57:13.065] [settingssync] [info] GlobalState: No changes found during synchronizing ui state.
[2021-03-10 21:57:13.119] [settingssync] [info] Extensions: No changes found during synchronizing extensions.
[2021-03-10 21:57:13.119] [settingssync] [info] Sync done. Took 102ms
[2021-03-10 21:57:41.909] [settingssync] [info] Auto Sync: Triggered by Activity
[2021-03-10 21:57:42.004] [settingssync] [info] Settings: No changes found during synchronizing settings.
[2021-03-10 21:57:42.007] [settingssync] [info] Keybindings: No changes found during synchronizing keybindings.
[2021-03-10 21:57:42.010] [settingssync] [info] Snippets: No changes found during synchronizing snippets.
[2021-03-10 21:57:42.269] [settingssync] [info] GlobalState: Updated remote ui state
[2021-03-10 21:57:42.282] [settingssync] [info] GlobalState: Updated last synchronized ui state
[2021-03-10 21:57:42.354] [settingssync] [info] Extensions: No changes found during synchronizing extensions.
[2021-03-10 21:57:42.359] [settingssync] [info] Sync done. Took 393ms
[2021-03-10 21:57:47.398] [settingssync] [info] Auto Sync: Triggered by Activity
[2021-03-10 21:57:47.503] [settingssync] [info] Settings: No changes found during synchronizing settings.
[2021-03-10 21:57:47.506] [settingssync] [info] Keybindings: No changes found during synchronizing keybindings.
[2021-03-10 21:57:47.509] [settingssync] [info] Snippets: No changes found during synchronizing snippets.
[2021-03-10 21:57:47.683] [settingssync] [info] GlobalState: Updated remote ui state
[2021-03-10 21:57:47.695] [settingssync] [info] GlobalState: Updated last synchronized ui state
[2021-03-10 21:57:47.774] [settingssync] [info] Extensions: No changes found during synchronizing extensions.
[2021-03-10 21:57:47.775] [settingssync] [info] Sync done. Took 321ms
[2021-03-10 21:58:04.262] [settingssync] [info] Auto Sync: Triggered by Activity
[2021-03-10 21:58:04.344] [settingssync] [info] Settings: No changes found during synchronizing settings.
[2021-03-10 21:58:04.346] [settingssync] [info] Keybindings: No changes found during synchronizing keybindings.
[2021-03-10 21:58:04.460] [settingssync] [info] Snippets: Updated remote snippets
[2021-03-10 21:58:04.470] [settingssync] [info] Snippets: Updated last synchronized snippets
[2021-03-10 21:58:04.511] [settingssync] [info] GlobalState: No changes found during synchronizing ui state.
[2021-03-10 21:58:04.555] [settingssync] [info] Extensions: No changes found during synchronizing extensions.
[2021-03-10 21:58:04.555] [settingssync] [info] Sync done. Took 228ms
