[2021-03-12 17:36:40.230] [settingssync] [info] Using settings sync service https://vscode-sync.trafficmanager.net/
[2021-03-12 17:36:40.230] [settingssync] [info] Auto Sync is enabled.
[2021-03-12 17:36:40.230] [settingssync] [info] Auto Sync: Suspended until auth token is available.
[2021-03-12 17:36:45.401] [settingssync] [info] Auto Sync: Started
[2021-03-12 17:36:45.401] [settingssync] [info] Auto Sync: Triggered by Interval
[2021-03-12 17:36:46.128] [settingssync] [info] Settings: No changes found during synchronizing settings.
[2021-03-12 17:36:46.153] [settingssync] [info] Keybindings: No changes found during synchronizing keybindings.
[2021-03-12 17:36:46.180] [settingssync] [info] Snippets: No changes found during synchronizing snippets.
[2021-03-12 17:36:46.338] [settingssync] [info] GlobalState: Updated remote ui state
[2021-03-12 17:36:46.345] [settingssync] [info] GlobalState: Updated last synchronized ui state
[2021-03-12 17:36:46.430] [settingssync] [info] Extensions: No changes found during synchronizing extensions.
[2021-03-12 17:36:46.430] [settingssync] [info] Sync done. Took 432ms
[2021-03-12 17:36:53.699] [settingssync] [info] Auto Sync: Triggered by Activity
[2021-03-12 17:36:53.787] [settingssync] [info] Settings: No changes found during synchronizing settings.
[2021-03-12 17:36:53.789] [settingssync] [info] Keybindings: No changes found during synchronizing keybindings.
[2021-03-12 17:36:53.791] [settingssync] [info] Snippets: No changes found during synchronizing snippets.
[2021-03-12 17:36:53.993] [settingssync] [info] GlobalState: Updated remote ui state
[2021-03-12 17:36:54.006] [settingssync] [info] GlobalState: Updated last synchronized ui state
[2021-03-12 17:36:54.075] [settingssync] [info] Extensions: No changes found during synchronizing extensions.
[2021-03-12 17:36:54.076] [settingssync] [info] Sync done. Took 315ms
[2021-03-12 17:37:11.492] [settingssync] [info] Auto Sync: Triggered by Activity
[2021-03-12 17:37:11.547] [settingssync] [info] Settings: No changes found during synchronizing settings.
[2021-03-12 17:37:11.550] [settingssync] [info] Keybindings: No changes found during synchronizing keybindings.
[2021-03-12 17:37:11.552] [settingssync] [info] Snippets: No changes found during synchronizing snippets.
[2021-03-12 17:37:11.563] [settingssync] [info] GlobalState: No changes found during synchronizing ui state.
[2021-03-12 17:37:11.612] [settingssync] [info] Extensions: No changes found during synchronizing extensions.
[2021-03-12 17:37:11.613] [settingssync] [info] Sync done. Took 72ms
