[2021-03-14 23:09:54.286] [exthost] [info] extension host started
[2021-03-14 23:09:54.920] [exthost] [info] ExtensionService#_doActivateExtension vscode.microsoft-authentication {"startup":false,"extensionId":{"value":"vscode.microsoft-authentication","_lower":"vscode.microsoft-authentication"},"activationEvent":"onAuthenticationRequest:microsoft"}
[2021-03-14 23:09:54.921] [exthost] [info] ExtensionService#loadCommonJSModule file:///usr/share/code/resources/app/extensions/microsoft-authentication/dist/extension.js
[2021-03-14 23:09:54.935] [exthost] [info] ExtensionService#_doActivateExtension ms-vscode.cpptools {"startup":false,"extensionId":{"value":"ms-vscode.cpptools","_lower":"ms-vscode.cpptools"},"activationEvent":"onLanguage:cpp"}
[2021-03-14 23:09:54.935] [exthost] [info] ExtensionService#loadCommonJSModule file:///home/dinskid/.vscode/extensions/ms-vscode.cpptools-1.2.2/dist/main
[2021-03-14 23:09:55.018] [exthost] [info] ExtensionService#_doActivateExtension vscode.debug-auto-launch {"startup":true,"extensionId":{"value":"vscode.debug-auto-launch","_lower":"vscode.debug-auto-launch"},"activationEvent":"*"}
[2021-03-14 23:09:55.018] [exthost] [info] ExtensionService#loadCommonJSModule file:///usr/share/code/resources/app/extensions/debug-auto-launch/dist/extension
[2021-03-14 23:09:55.020] [exthost] [info] ExtensionService#_doActivateExtension vscode.git {"startup":true,"extensionId":{"value":"vscode.github","_lower":"vscode.github"},"activationEvent":"*"}
[2021-03-14 23:09:55.021] [exthost] [info] ExtensionService#loadCommonJSModule file:///usr/share/code/resources/app/extensions/git/dist/main
[2021-03-14 23:09:55.039] [exthost] [info] ExtensionService#_doActivateExtension ms-vsliveshare.vsliveshare {"startup":true,"extensionId":{"value":"ms-vsliveshare.vsliveshare","_lower":"ms-vsliveshare.vsliveshare"},"activationEvent":"*"}
[2021-03-14 23:09:55.039] [exthost] [info] ExtensionService#loadCommonJSModule file:///home/dinskid/.vscode/extensions/ms-vsliveshare.vsliveshare-1.0.3968/out/prod/extension-prod
[2021-03-14 23:09:55.233] [exthost] [info] ExtensionService#_doActivateExtension vscodevim.vim {"startup":true,"extensionId":{"value":"vscodevim.vim","_lower":"vscodevim.vim"},"activationEvent":"*"}
[2021-03-14 23:09:55.233] [exthost] [info] ExtensionService#loadCommonJSModule file:///home/dinskid/.vscode/extensions/vscodevim.vim-1.18.9/out/extension
[2021-03-14 23:09:55.477] [exthost] [info] ExtensionService#_doActivateExtension ms-vscode.js-debug {"startup":false,"extensionId":{"value":"ms-vscode.js-debug","_lower":"ms-vscode.js-debug"},"activationEvent":"onCommand:extension.js-debug.clearAutoAttachVariables"}
[2021-03-14 23:09:55.477] [exthost] [info] ExtensionService#loadCommonJSModule file:///usr/share/code/resources/app/extensions/ms-vscode.js-debug/src/extension.js
[2021-03-14 23:09:55.558] [exthost] [info] ExtensionService#_doActivateExtension vscode.github {"startup":false,"extensionId":{"value":"vscode.github","_lower":"vscode.github"},"activationEvent":"*"}
[2021-03-14 23:09:55.558] [exthost] [info] ExtensionService#loadCommonJSModule file:///usr/share/code/resources/app/extensions/github/dist/extension.js
[2021-03-14 23:09:55.874] [exthost] [info] ExtensionService#_doActivateExtension vscode.github-authentication {"startup":false,"extensionId":{"value":"vscode.github-authentication","_lower":"vscode.github-authentication"},"activationEvent":"onAuthenticationRequest:github"}
[2021-03-14 23:09:55.874] [exthost] [info] ExtensionService#loadCommonJSModule file:///usr/share/code/resources/app/extensions/github-authentication/dist/extension.js
[2021-03-14 23:09:56.953] [exthost] [info] eager extensions activated
[2021-03-14 23:09:57.429] [exthost] [info] ExtensionService#_doActivateExtension vscode.emmet {"startup":false,"extensionId":{"value":"vscode.emmet","_lower":"vscode.emmet"},"activationEvent":"onStartupFinished"}
[2021-03-14 23:09:57.429] [exthost] [info] ExtensionService#loadCommonJSModule file:///usr/share/code/resources/app/extensions/emmet/dist/node/emmetNodeMain
[2021-03-14 23:09:57.450] [exthost] [info] ExtensionService#_doActivateExtension vscode.merge-conflict {"startup":false,"extensionId":{"value":"vscode.merge-conflict","_lower":"vscode.merge-conflict"},"activationEvent":"onStartupFinished"}
[2021-03-14 23:09:57.450] [exthost] [info] ExtensionService#loadCommonJSModule file:///usr/share/code/resources/app/extensions/merge-conflict/dist/mergeConflictMain
[2021-03-14 23:09:57.456] [exthost] [info] ExtensionService#_doActivateExtension vscode.testing-editor-contributions {"startup":false,"extensionId":{"value":"vscode.testing-editor-contributions","_lower":"vscode.testing-editor-contributions"},"activationEvent":"onStartupFinished"}
[2021-03-14 23:09:57.456] [exthost] [info] ExtensionService#loadCommonJSModule file:///usr/share/code/resources/app/extensions/testing-editor-contributions/dist/extension.js
[2021-03-14 23:10:00.754] [exthost] [info] ExtensionService#_doActivateExtension vscode.configuration-editing {"startup":false,"extensionId":{"value":"vscode.configuration-editing","_lower":"vscode.configuration-editing"},"activationEvent":"onLanguage:jsonc"}
[2021-03-14 23:10:00.754] [exthost] [info] ExtensionService#loadCommonJSModule file:///usr/share/code/resources/app/extensions/configuration-editing/dist/configurationEditingMain
[2021-03-14 23:10:00.758] [exthost] [info] ExtensionService#_doActivateExtension vscode.json-language-features {"startup":false,"extensionId":{"value":"vscode.json-language-features","_lower":"vscode.json-language-features"},"activationEvent":"onLanguage:jsonc"}
[2021-03-14 23:10:00.758] [exthost] [info] ExtensionService#loadCommonJSModule file:///usr/share/code/resources/app/extensions/json-language-features/client/dist/node/jsonClientMain
[2021-03-14 23:10:00.776] [exthost] [info] ExtensionService#_doActivateExtension vscode.typescript-language-features {"startup":false,"extensionId":{"value":"vscode.typescript-language-features","_lower":"vscode.typescript-language-features"},"activationEvent":"onLanguage:jsonc"}
[2021-03-14 23:10:00.776] [exthost] [info] ExtensionService#loadCommonJSModule file:///usr/share/code/resources/app/extensions/typescript-language-features/dist/extension
[2021-03-14 23:10:20.020] [exthost] [error] [ms-vscode.cpptools] provider FAILED
[2021-03-14 23:10:20.020] [exthost] [error] undefined
[2021-03-14 23:10:28.407] [exthost] [error] [ms-vscode.cpptools] provider FAILED
[2021-03-14 23:10:28.407] [exthost] [error] undefined
[2021-03-14 23:10:38.833] [exthost] [error] [ms-vscode.cpptools] provider FAILED
[2021-03-14 23:10:38.833] [exthost] [error] undefined
[2021-03-14 23:10:43.508] [exthost] [error] [ms-vscode.cpptools] provider FAILED
[2021-03-14 23:10:43.508] [exthost] [error] undefined
[2021-03-14 23:10:47.903] [exthost] [error] [ms-vscode.cpptools] provider FAILED
[2021-03-14 23:10:47.903] [exthost] [error] undefined
[2021-03-14 23:15:29.897] [exthost] [error] [ms-vscode.cpptools] provider FAILED
[2021-03-14 23:15:29.897] [exthost] [error] undefined
[2021-03-14 23:15:33.718] [exthost] [error] [ms-vscode.cpptools] provider FAILED
[2021-03-14 23:15:33.718] [exthost] [error] undefined
[2021-03-14 23:15:40.817] [exthost] [error] [ms-vscode.cpptools] provider FAILED
[2021-03-14 23:15:40.817] [exthost] [error] undefined
[2021-03-14 23:15:46.405] [exthost] [error] [ms-vscode.cpptools] provider FAILED
[2021-03-14 23:15:46.405] [exthost] [error] undefined
[2021-03-14 23:15:56.342] [exthost] [error] [ms-vscode.cpptools] provider FAILED
[2021-03-14 23:15:56.342] [exthost] [error] undefined
[2021-03-14 23:16:04.613] [exthost] [error] [ms-vscode.cpptools] provider FAILED
[2021-03-14 23:16:04.613] [exthost] [error] undefined
[2021-03-14 23:16:05.202] [exthost] [error] [ms-vscode.cpptools] provider FAILED
[2021-03-14 23:16:05.202] [exthost] [error] undefined
[2021-03-14 23:16:10.498] [exthost] [error] [ms-vscode.cpptools] provider FAILED
[2021-03-14 23:16:10.498] [exthost] [error] undefined
[2021-03-14 23:16:21.151] [exthost] [error] [ms-vscode.cpptools] provider FAILED
[2021-03-14 23:16:21.151] [exthost] [error] undefined
[2021-03-14 23:16:25.701] [exthost] [error] [ms-vscode.cpptools] provider FAILED
[2021-03-14 23:16:25.701] [exthost] [error] undefined
[2021-03-14 23:16:36.827] [exthost] [error] [ms-vscode.cpptools] provider FAILED
[2021-03-14 23:16:36.827] [exthost] [error] undefined
[2021-03-14 23:16:39.229] [exthost] [error] [ms-vscode.cpptools] provider FAILED
[2021-03-14 23:16:39.229] [exthost] [error] undefined
[2021-03-14 23:17:06.873] [exthost] [error] [ms-vscode.cpptools] provider FAILED
[2021-03-14 23:17:06.873] [exthost] [error] undefined
[2021-03-14 23:17:11.149] [exthost] [error] [ms-vscode.cpptools] provider FAILED
[2021-03-14 23:17:11.149] [exthost] [error] undefined
[2021-03-14 23:17:15.970] [exthost] [error] [ms-vscode.cpptools] provider FAILED
[2021-03-14 23:17:15.970] [exthost] [error] undefined
[2021-03-14 23:17:21.818] [exthost] [error] [ms-vscode.cpptools] provider FAILED
[2021-03-14 23:17:21.818] [exthost] [error] undefined
[2021-03-14 23:17:23.741] [exthost] [error] [ms-vscode.cpptools] provider FAILED
[2021-03-14 23:17:23.741] [exthost] [error] undefined
[2021-03-14 23:17:59.536] [exthost] [error] [ms-vscode.cpptools] provider FAILED
[2021-03-14 23:17:59.536] [exthost] [error] undefined
[2021-03-14 23:18:16.993] [exthost] [error] [ms-vscode.cpptools] provider FAILED
[2021-03-14 23:18:16.993] [exthost] [error] undefined
[2021-03-14 23:18:24.865] [exthost] [error] [ms-vscode.cpptools] provider FAILED
[2021-03-14 23:18:24.865] [exthost] [error] undefined
[2021-03-14 23:18:26.261] [exthost] [error] [ms-vscode.cpptools] provider FAILED
[2021-03-14 23:18:26.261] [exthost] [error] undefined
[2021-03-14 23:18:34.886] [exthost] [error] [ms-vscode.cpptools] provider FAILED
[2021-03-14 23:18:34.886] [exthost] [error] undefined
[2021-03-14 23:18:37.362] [exthost] [error] [ms-vscode.cpptools] provider FAILED
[2021-03-14 23:18:37.362] [exthost] [error] undefined
[2021-03-14 23:18:43.731] [exthost] [error] [ms-vscode.cpptools] provider FAILED
[2021-03-14 23:18:43.731] [exthost] [error] undefined
[2021-03-14 23:18:44.942] [exthost] [info] ExtensionService#_doActivateExtension vscode.grunt {"startup":false,"extensionId":{"value":"vscode.grunt","_lower":"vscode.grunt"},"activationEvent":"onCommand:workbench.action.tasks.runTask"}
[2021-03-14 23:18:44.944] [exthost] [info] ExtensionService#loadCommonJSModule file:///usr/share/code/resources/app/extensions/grunt/dist/main
[2021-03-14 23:18:44.976] [exthost] [info] ExtensionService#_doActivateExtension vscode.gulp {"startup":false,"extensionId":{"value":"vscode.gulp","_lower":"vscode.gulp"},"activationEvent":"onCommand:workbench.action.tasks.runTask"}
[2021-03-14 23:18:44.976] [exthost] [info] ExtensionService#loadCommonJSModule file:///usr/share/code/resources/app/extensions/gulp/dist/main
[2021-03-14 23:18:44.981] [exthost] [info] ExtensionService#_doActivateExtension vscode.jake {"startup":false,"extensionId":{"value":"vscode.jake","_lower":"vscode.jake"},"activationEvent":"onCommand:workbench.action.tasks.runTask"}
[2021-03-14 23:18:44.981] [exthost] [info] ExtensionService#loadCommonJSModule file:///usr/share/code/resources/app/extensions/jake/dist/main
[2021-03-14 23:18:44.986] [exthost] [info] ExtensionService#_doActivateExtension vscode.npm {"startup":false,"extensionId":{"value":"vscode.npm","_lower":"vscode.npm"},"activationEvent":"onCommand:workbench.action.tasks.runTask"}
[2021-03-14 23:18:44.986] [exthost] [info] ExtensionService#loadCommonJSModule file:///usr/share/code/resources/app/extensions/npm/dist/npmMain
[2021-03-14 23:18:56.753] [exthost] [error] [ms-vscode.cpptools] provider FAILED
[2021-03-14 23:18:56.753] [exthost] [error] undefined
[2021-03-14 23:19:11.758] [exthost] [error] [ms-vscode.cpptools] provider FAILED
[2021-03-14 23:19:11.758] [exthost] [error] undefined
[2021-03-14 23:20:19.070] [exthost] [error] [ms-vscode.cpptools] provider FAILED
[2021-03-14 23:20:19.070] [exthost] [error] undefined
[2021-03-14 23:20:22.138] [exthost] [error] [ms-vscode.cpptools] provider FAILED
[2021-03-14 23:20:22.138] [exthost] [error] undefined
[2021-03-14 23:20:25.635] [exthost] [error] [ms-vscode.cpptools] provider FAILED
[2021-03-14 23:20:25.635] [exthost] [error] undefined
[2021-03-14 23:20:34.429] [exthost] [error] [ms-vscode.cpptools] provider FAILED
[2021-03-14 23:20:34.429] [exthost] [error] undefined
[2021-03-14 23:20:38.783] [exthost] [error] [ms-vscode.cpptools] provider FAILED
[2021-03-14 23:20:38.783] [exthost] [error] undefined
[2021-03-14 23:20:54.895] [exthost] [error] [ms-vscode.cpptools] provider FAILED
[2021-03-14 23:20:54.895] [exthost] [error] undefined
[2021-03-14 23:20:57.237] [exthost] [error] [ms-vscode.cpptools] provider FAILED
[2021-03-14 23:20:57.237] [exthost] [error] undefined
[2021-03-14 23:55:23.906] [exthost] [info] extension host terminating: received terminate message from renderer
[2021-03-14 23:55:24.938] [exthost] [info] exiting with code 0
