[2021-03-15 13:21:33.286] [exthost] [info] extension host started
[2021-03-15 13:21:33.448] [exthost] [info] ExtensionService#_doActivateExtension vscode.microsoft-authentication {"startup":false,"extensionId":{"value":"vscode.microsoft-authentication","_lower":"vscode.microsoft-authentication"},"activationEvent":"onAuthenticationRequest:microsoft"}
[2021-03-15 13:21:33.448] [exthost] [info] ExtensionService#loadCommonJSModule file:///usr/share/code/resources/app/extensions/microsoft-authentication/dist/extension.js
[2021-03-15 13:21:33.459] [exthost] [info] ExtensionService#_doActivateExtension ms-vscode.cpptools {"startup":false,"extensionId":{"value":"ms-vscode.cpptools","_lower":"ms-vscode.cpptools"},"activationEvent":"onLanguage:cpp"}
[2021-03-15 13:21:33.460] [exthost] [info] ExtensionService#loadCommonJSModule file:///home/dinskid/.vscode/extensions/ms-vscode.cpptools-1.2.2/dist/main
[2021-03-15 13:21:33.512] [exthost] [info] ExtensionService#_doActivateExtension vscode.debug-auto-launch {"startup":true,"extensionId":{"value":"vscode.debug-auto-launch","_lower":"vscode.debug-auto-launch"},"activationEvent":"*"}
[2021-03-15 13:21:33.512] [exthost] [info] ExtensionService#loadCommonJSModule file:///usr/share/code/resources/app/extensions/debug-auto-launch/dist/extension
[2021-03-15 13:21:33.516] [exthost] [info] ExtensionService#_doActivateExtension vscode.git {"startup":true,"extensionId":{"value":"vscode.github","_lower":"vscode.github"},"activationEvent":"*"}
[2021-03-15 13:21:33.517] [exthost] [info] ExtensionService#loadCommonJSModule file:///usr/share/code/resources/app/extensions/git/dist/main
[2021-03-15 13:21:33.537] [exthost] [info] ExtensionService#_doActivateExtension ms-vsliveshare.vsliveshare {"startup":true,"extensionId":{"value":"ms-vsliveshare.vsliveshare","_lower":"ms-vsliveshare.vsliveshare"},"activationEvent":"*"}
[2021-03-15 13:21:33.537] [exthost] [info] ExtensionService#loadCommonJSModule file:///home/dinskid/.vscode/extensions/ms-vsliveshare.vsliveshare-1.0.3968/out/prod/extension-prod
[2021-03-15 13:21:33.746] [exthost] [info] ExtensionService#_doActivateExtension vscodevim.vim {"startup":true,"extensionId":{"value":"vscodevim.vim","_lower":"vscodevim.vim"},"activationEvent":"*"}
[2021-03-15 13:21:33.746] [exthost] [info] ExtensionService#loadCommonJSModule file:///home/dinskid/.vscode/extensions/vscodevim.vim-1.18.9/out/extension
[2021-03-15 13:21:33.922] [exthost] [info] ExtensionService#_doActivateExtension ms-vscode.js-debug {"startup":false,"extensionId":{"value":"ms-vscode.js-debug","_lower":"ms-vscode.js-debug"},"activationEvent":"onCommand:extension.js-debug.clearAutoAttachVariables"}
[2021-03-15 13:21:33.922] [exthost] [info] ExtensionService#loadCommonJSModule file:///usr/share/code/resources/app/extensions/ms-vscode.js-debug/src/extension.js
[2021-03-15 13:21:34.014] [exthost] [info] ExtensionService#_doActivateExtension vscode.github {"startup":false,"extensionId":{"value":"vscode.github","_lower":"vscode.github"},"activationEvent":"*"}
[2021-03-15 13:21:34.014] [exthost] [info] ExtensionService#loadCommonJSModule file:///usr/share/code/resources/app/extensions/github/dist/extension.js
[2021-03-15 13:21:34.123] [exthost] [info] ExtensionService#_doActivateExtension vscode.github-authentication {"startup":false,"extensionId":{"value":"vscode.github-authentication","_lower":"vscode.github-authentication"},"activationEvent":"onAuthenticationRequest:github"}
[2021-03-15 13:21:34.124] [exthost] [info] ExtensionService#loadCommonJSModule file:///usr/share/code/resources/app/extensions/github-authentication/dist/extension.js
[2021-03-15 13:21:34.936] [exthost] [info] eager extensions activated
[2021-03-15 13:21:35.396] [exthost] [info] ExtensionService#_doActivateExtension vscode.emmet {"startup":false,"extensionId":{"value":"vscode.emmet","_lower":"vscode.emmet"},"activationEvent":"onStartupFinished"}
[2021-03-15 13:21:35.396] [exthost] [info] ExtensionService#loadCommonJSModule file:///usr/share/code/resources/app/extensions/emmet/dist/node/emmetNodeMain
[2021-03-15 13:21:35.414] [exthost] [info] ExtensionService#_doActivateExtension vscode.merge-conflict {"startup":false,"extensionId":{"value":"vscode.merge-conflict","_lower":"vscode.merge-conflict"},"activationEvent":"onStartupFinished"}
[2021-03-15 13:21:35.415] [exthost] [info] ExtensionService#loadCommonJSModule file:///usr/share/code/resources/app/extensions/merge-conflict/dist/mergeConflictMain
[2021-03-15 13:21:35.420] [exthost] [info] ExtensionService#_doActivateExtension vscode.testing-editor-contributions {"startup":false,"extensionId":{"value":"vscode.testing-editor-contributions","_lower":"vscode.testing-editor-contributions"},"activationEvent":"onStartupFinished"}
[2021-03-15 13:21:35.420] [exthost] [info] ExtensionService#loadCommonJSModule file:///usr/share/code/resources/app/extensions/testing-editor-contributions/dist/extension.js
[2021-03-15 13:21:40.114] [exthost] [info] ExtensionService#_doActivateExtension vscode.configuration-editing {"startup":false,"extensionId":{"value":"vscode.configuration-editing","_lower":"vscode.configuration-editing"},"activationEvent":"onLanguage:jsonc"}
[2021-03-15 13:21:40.114] [exthost] [info] ExtensionService#loadCommonJSModule file:///usr/share/code/resources/app/extensions/configuration-editing/dist/configurationEditingMain
[2021-03-15 13:21:40.117] [exthost] [info] ExtensionService#_doActivateExtension vscode.json-language-features {"startup":false,"extensionId":{"value":"vscode.json-language-features","_lower":"vscode.json-language-features"},"activationEvent":"onLanguage:jsonc"}
[2021-03-15 13:21:40.117] [exthost] [info] ExtensionService#loadCommonJSModule file:///usr/share/code/resources/app/extensions/json-language-features/client/dist/node/jsonClientMain
[2021-03-15 13:21:40.133] [exthost] [info] ExtensionService#_doActivateExtension vscode.typescript-language-features {"startup":false,"extensionId":{"value":"vscode.typescript-language-features","_lower":"vscode.typescript-language-features"},"activationEvent":"onLanguage:jsonc"}
[2021-03-15 13:21:40.133] [exthost] [info] ExtensionService#loadCommonJSModule file:///usr/share/code/resources/app/extensions/typescript-language-features/dist/extension
[2021-03-15 13:29:59.693] [exthost] [error] [ms-vscode.cpptools] provider FAILED
[2021-03-15 13:29:59.693] [exthost] [error] undefined
[2021-03-15 13:30:21.047] [exthost] [info] ExtensionService#_doActivateExtension vscode.grunt {"startup":false,"extensionId":{"value":"vscode.grunt","_lower":"vscode.grunt"},"activationEvent":"onCommand:workbench.action.tasks.runTask"}
[2021-03-15 13:30:21.049] [exthost] [info] ExtensionService#loadCommonJSModule file:///usr/share/code/resources/app/extensions/grunt/dist/main
[2021-03-15 13:30:21.063] [exthost] [info] ExtensionService#_doActivateExtension vscode.gulp {"startup":false,"extensionId":{"value":"vscode.gulp","_lower":"vscode.gulp"},"activationEvent":"onCommand:workbench.action.tasks.runTask"}
[2021-03-15 13:30:21.063] [exthost] [info] ExtensionService#loadCommonJSModule file:///usr/share/code/resources/app/extensions/gulp/dist/main
[2021-03-15 13:30:21.066] [exthost] [info] ExtensionService#_doActivateExtension vscode.jake {"startup":false,"extensionId":{"value":"vscode.jake","_lower":"vscode.jake"},"activationEvent":"onCommand:workbench.action.tasks.runTask"}
[2021-03-15 13:30:21.066] [exthost] [info] ExtensionService#loadCommonJSModule file:///usr/share/code/resources/app/extensions/jake/dist/main
[2021-03-15 13:30:21.069] [exthost] [info] ExtensionService#_doActivateExtension vscode.npm {"startup":false,"extensionId":{"value":"vscode.npm","_lower":"vscode.npm"},"activationEvent":"onCommand:workbench.action.tasks.runTask"}
[2021-03-15 13:30:21.069] [exthost] [info] ExtensionService#loadCommonJSModule file:///usr/share/code/resources/app/extensions/npm/dist/npmMain
[2021-03-15 13:30:46.618] [exthost] [error] [ms-vscode.cpptools] provider FAILED
[2021-03-15 13:30:46.618] [exthost] [error] undefined
[2021-03-15 13:30:50.588] [exthost] [error] [ms-vscode.cpptools] provider FAILED
[2021-03-15 13:30:50.588] [exthost] [error] undefined
[2021-03-15 13:31:55.757] [exthost] [error] [ms-vscode.cpptools] provider FAILED
[2021-03-15 13:31:55.757] [exthost] [error] undefined
[2021-03-15 13:32:02.533] [exthost] [error] [ms-vscode.cpptools] provider FAILED
[2021-03-15 13:32:02.533] [exthost] [error] undefined
[2021-03-15 13:32:17.380] [exthost] [error] [ms-vscode.cpptools] provider FAILED
[2021-03-15 13:32:17.380] [exthost] [error] undefined
[2021-03-15 13:32:21.591] [exthost] [error] [ms-vscode.cpptools] provider FAILED
[2021-03-15 13:32:21.591] [exthost] [error] undefined
[2021-03-15 13:32:27.941] [exthost] [error] [ms-vscode.cpptools] provider FAILED
[2021-03-15 13:32:27.941] [exthost] [error] undefined
[2021-03-15 13:32:31.987] [exthost] [error] [ms-vscode.cpptools] provider FAILED
[2021-03-15 13:32:31.988] [exthost] [error] undefined
[2021-03-15 13:32:38.678] [exthost] [error] [ms-vscode.cpptools] provider FAILED
[2021-03-15 13:32:38.678] [exthost] [error] undefined
[2021-03-15 13:33:03.862] [exthost] [error] [ms-vscode.cpptools] provider FAILED
[2021-03-15 13:33:03.862] [exthost] [error] undefined
[2021-03-15 13:33:05.891] [exthost] [error] [ms-vscode.cpptools] provider FAILED
[2021-03-15 13:33:05.891] [exthost] [error] undefined
[2021-03-15 13:33:23.254] [exthost] [error] [ms-vscode.cpptools] provider FAILED
[2021-03-15 13:33:23.254] [exthost] [error] undefined
[2021-03-15 13:33:35.749] [exthost] [error] [ms-vscode.cpptools] provider FAILED
[2021-03-15 13:33:35.749] [exthost] [error] undefined
[2021-03-15 13:33:48.473] [exthost] [error] [ms-vscode.cpptools] provider FAILED
[2021-03-15 13:33:48.473] [exthost] [error] undefined
[2021-03-15 13:34:42.161] [exthost] [error] [ms-vscode.cpptools] provider FAILED
[2021-03-15 13:34:42.161] [exthost] [error] undefined
[2021-03-15 13:34:58.747] [exthost] [error] [ms-vscode.cpptools] provider FAILED
[2021-03-15 13:34:58.747] [exthost] [error] undefined
[2021-03-15 13:35:18.429] [exthost] [error] [ms-vscode.cpptools] provider FAILED
[2021-03-15 13:35:18.429] [exthost] [error] undefined
[2021-03-15 13:35:20.466] [exthost] [error] [ms-vscode.cpptools] provider FAILED
[2021-03-15 13:35:20.466] [exthost] [error] undefined
[2021-03-15 13:35:28.924] [exthost] [error] [ms-vscode.cpptools] provider FAILED
[2021-03-15 13:35:28.924] [exthost] [error] undefined
[2021-03-15 13:35:37.973] [exthost] [info] extension host terminating: received terminate message from renderer
[2021-03-15 13:35:39.020] [exthost] [info] exiting with code 0
